{"/home/saching/Desktop/ClonedBootcamp-GreenCommute/GreenCommute/final/src/App.js": {"path":"/home/saching/Desktop/ClonedBootcamp-GreenCommute/GreenCommute/final/src/App.js","statementMap":{"0":{"start":{"line":17,"column":12},"end":{"line":31,"column":1}},"1":{"start":{"line":18,"column":2},"end":{"line":30,"column":4}}},"fnMap":{"0":{"name":"(anonymous_0)","decl":{"start":{"line":17,"column":12},"end":{"line":17,"column":13}},"loc":{"start":{"line":17,"column":18},"end":{"line":31,"column":1}},"line":17}},"branchMap":{},"s":{"0":0,"1":0},"f":{"0":0},"b":{}}
,"/home/saching/Desktop/ClonedBootcamp-GreenCommute/GreenCommute/final/src/Stuff.js": {"path":"/home/saching/Desktop/ClonedBootcamp-GreenCommute/GreenCommute/final/src/Stuff.js","statementMap":{"0":{"start":{"line":5,"column":4},"end":{"line":18,"column":6}}},"fnMap":{"0":{"name":"Stuff","decl":{"start":{"line":3,"column":9},"end":{"line":3,"column":14}},"loc":{"start":{"line":3,"column":17},"end":{"line":19,"column":3}},"line":3}},"branchMap":{},"s":{"0":0},"f":{"0":0},"b":{}}
,"/home/saching/Desktop/ClonedBootcamp-GreenCommute/GreenCommute/final/src/index.js": {"path":"/home/saching/Desktop/ClonedBootcamp-GreenCommute/GreenCommute/final/src/index.js","statementMap":{"0":{"start":{"line":6,"column":0},"end":{"line":6,"column":56}}},"fnMap":{},"branchMap":{},"s":{"0":0},"f":{},"b":{}}
,"/home/saching/Desktop/ClonedBootcamp-GreenCommute/GreenCommute/final/src/components/index.js": {"path":"/home/saching/Desktop/ClonedBootcamp-GreenCommute/GreenCommute/final/src/components/index.js","statementMap":{},"fnMap":{},"branchMap":{},"s":{},"f":{},"b":{}}
,"/home/saching/Desktop/ClonedBootcamp-GreenCommute/GreenCommute/final/src/components/theme.jsx": {"path":"/home/saching/Desktop/ClonedBootcamp-GreenCommute/GreenCommute/final/src/components/theme.jsx","statementMap":{"0":{"start":{"line":3,"column":20},"end":{"line":282,"column":2}}},"fnMap":{},"branchMap":{},"s":{"0":19},"f":{},"b":{},"_coverageSchema":"1a1c01bbd47fc00a2c39e90264f33305004495a9","hash":"2c03f5b3f90b9f8d490505b757ec85eb6f637ac1"}
,"/home/saching/Desktop/ClonedBootcamp-GreenCommute/GreenCommute/final/src/components/Organism/JobLocation/JobLocation.js": {"path":"/home/saching/Desktop/ClonedBootcamp-GreenCommute/GreenCommute/final/src/components/Organism/JobLocation/JobLocation.js","statementMap":{"0":{"start":{"line":6,"column":18},"end":{"line":18,"column":3}},"1":{"start":{"line":6,"column":41},"end":{"line":18,"column":1}},"2":{"start":{"line":20,"column":24},"end":{"line":29,"column":1}},"3":{"start":{"line":34,"column":20},"end":{"line":34,"column":31}},"4":{"start":{"line":35,"column":4},"end":{"line":43,"column":6}}},"fnMap":{"0":{"name":"(anonymous_0)","decl":{"start":{"line":6,"column":29},"end":{"line":6,"column":30}},"loc":{"start":{"line":6,"column":41},"end":{"line":18,"column":1}},"line":6},"1":{"name":"JobLocation","decl":{"start":{"line":33,"column":24},"end":{"line":33,"column":35}},"loc":{"start":{"line":33,"column":37},"end":{"line":44,"column":1}},"line":33}},"branchMap":{},"s":{"0":0,"1":0,"2":0,"3":0,"4":0},"f":{"0":0,"1":0},"b":{}}
,"/home/saching/Desktop/ClonedBootcamp-GreenCommute/GreenCommute/final/src/components/Organism/JobLocation/JobLocation.stories.js": {"path":"/home/saching/Desktop/ClonedBootcamp-GreenCommute/GreenCommute/final/src/components/Organism/JobLocation/JobLocation.stories.js","statementMap":{"0":{"start":{"line":12,"column":17},"end":{"line":12,"column":52}},"1":{"start":{"line":12,"column":27},"end":{"line":12,"column":52}},"2":{"start":{"line":14,"column":23},"end":{"line":14,"column":40}}},"fnMap":{"0":{"name":"(anonymous_0)","decl":{"start":{"line":12,"column":17},"end":{"line":12,"column":18}},"loc":{"start":{"line":12,"column":27},"end":{"line":12,"column":52}},"line":12}},"branchMap":{},"s":{"0":0,"1":0,"2":0},"f":{"0":0},"b":{}}
,"/home/saching/Desktop/ClonedBootcamp-GreenCommute/GreenCommute/final/src/components/Organism/RenderJobCard/RenderJobCardsForPage2.js": {"path":"/home/saching/Desktop/ClonedBootcamp-GreenCommute/GreenCommute/final/src/components/Organism/RenderJobCard/RenderJobCardsForPage2.js","statementMap":{"0":{"start":{"line":19,"column":27},"end":{"line":19,"column":41}},"1":{"start":{"line":20,"column":4},"end":{"line":40,"column":6}},"2":{"start":{"line":36,"column":16},"end":{"line":36,"column":258}}},"fnMap":{"0":{"name":"RenderJobCardsForPage2","decl":{"start":{"line":15,"column":16},"end":{"line":15,"column":38}},"loc":{"start":{"line":15,"column":45},"end":{"line":41,"column":1}},"line":15},"1":{"name":"(anonymous_1)","decl":{"start":{"line":34,"column":32},"end":{"line":34,"column":33}},"loc":{"start":{"line":36,"column":16},"end":{"line":36,"column":258}},"line":36}},"branchMap":{},"s":{"0":0,"1":0,"2":0},"f":{"0":0,"1":0},"b":{}}
,"/home/saching/Desktop/ClonedBootcamp-GreenCommute/GreenCommute/final/src/components/Organism/RenderJobCard/RenderJobCardsForPage2.stories.js": {"path":"/home/saching/Desktop/ClonedBootcamp-GreenCommute/GreenCommute/final/src/components/Organism/RenderJobCard/RenderJobCardsForPage2.stories.js","statementMap":{"0":{"start":{"line":8,"column":17},"end":{"line":8,"column":63}},"1":{"start":{"line":8,"column":27},"end":{"line":8,"column":63}},"2":{"start":{"line":12,"column":31},"end":{"line":12,"column":48}},"3":{"start":{"line":14,"column":0},"end":{"line":15,"column":2}}},"fnMap":{"0":{"name":"(anonymous_0)","decl":{"start":{"line":8,"column":17},"end":{"line":8,"column":18}},"loc":{"start":{"line":8,"column":27},"end":{"line":8,"column":63}},"line":8}},"branchMap":{},"s":{"0":0,"1":0,"2":0,"3":0},"f":{"0":0},"b":{}}
,"/home/saching/Desktop/ClonedBootcamp-GreenCommute/GreenCommute/final/src/components/Organism/RenderJobCard/RenderJobCardsForPage3.js": {"path":"/home/saching/Desktop/ClonedBootcamp-GreenCommute/GreenCommute/final/src/components/Organism/RenderJobCard/RenderJobCardsForPage3.js","statementMap":{"0":{"start":{"line":20,"column":27},"end":{"line":20,"column":41}},"1":{"start":{"line":21,"column":4},"end":{"line":33,"column":6}},"2":{"start":{"line":26,"column":16},"end":{"line":28,"column":23}}},"fnMap":{"0":{"name":"RenderJobCardsForPage3","decl":{"start":{"line":17,"column":16},"end":{"line":17,"column":38}},"loc":{"start":{"line":17,"column":45},"end":{"line":34,"column":1}},"line":17},"1":{"name":"(anonymous_1)","decl":{"start":{"line":24,"column":32},"end":{"line":24,"column":33}},"loc":{"start":{"line":26,"column":16},"end":{"line":28,"column":23}},"line":26}},"branchMap":{},"s":{"0":0,"1":0,"2":0},"f":{"0":0,"1":0},"b":{}}
,"/home/saching/Desktop/ClonedBootcamp-GreenCommute/GreenCommute/final/src/components/Organism/RenderJobCard/RenderJobCardsForPage3.stories.js": {"path":"/home/saching/Desktop/ClonedBootcamp-GreenCommute/GreenCommute/final/src/components/Organism/RenderJobCard/RenderJobCardsForPage3.stories.js","statementMap":{"0":{"start":{"line":8,"column":17},"end":{"line":8,"column":63}},"1":{"start":{"line":8,"column":27},"end":{"line":8,"column":63}},"2":{"start":{"line":12,"column":37},"end":{"line":12,"column":54}},"3":{"start":{"line":14,"column":0},"end":{"line":15,"column":2}}},"fnMap":{"0":{"name":"(anonymous_0)","decl":{"start":{"line":8,"column":17},"end":{"line":8,"column":18}},"loc":{"start":{"line":8,"column":27},"end":{"line":8,"column":63}},"line":8}},"branchMap":{},"s":{"0":0,"1":0,"2":0,"3":0},"f":{"0":0},"b":{}}
,"/home/saching/Desktop/ClonedBootcamp-GreenCommute/GreenCommute/final/src/components/Organism/RenderJobCard/jobCardDescription.js": {"path":"/home/saching/Desktop/ClonedBootcamp-GreenCommute/GreenCommute/final/src/components/Organism/RenderJobCard/jobCardDescription.js","statementMap":{"0":{"start":{"line":1,"column":27},"end":{"line":79,"column":1}}},"fnMap":{},"branchMap":{},"s":{"0":0},"f":{},"b":{}}
,"/home/saching/Desktop/ClonedBootcamp-GreenCommute/GreenCommute/final/src/components/Organism/RenderJobCard/jobCardDetails.js": {"path":"/home/saching/Desktop/ClonedBootcamp-GreenCommute/GreenCommute/final/src/components/Organism/RenderJobCard/jobCardDetails.js","statementMap":{"0":{"start":{"line":1,"column":30},"end":{"line":107,"column":1}}},"fnMap":{},"branchMap":{},"s":{"0":1},"f":{},"b":{},"_coverageSchema":"1a1c01bbd47fc00a2c39e90264f33305004495a9","hash":"c6a36008541aab16f1d3ca113025a18f7ed86d21"}
,"/home/saching/Desktop/ClonedBootcamp-GreenCommute/GreenCommute/final/src/components/Organism/RightGrid/Right.js": {"path":"/home/saching/Desktop/ClonedBootcamp-GreenCommute/GreenCommute/final/src/components/Organism/RightGrid/Right.js","statementMap":{"0":{"start":{"line":16,"column":14},"end":{"line":126,"column":1}},"1":{"start":{"line":18,"column":20},"end":{"line":79,"column":3}},"2":{"start":{"line":18,"column":43},"end":{"line":79,"column":1}},"3":{"start":{"line":81,"column":16},"end":{"line":81,"column":27}},"4":{"start":{"line":83,"column":2},"end":{"line":125,"column":4}}},"fnMap":{"0":{"name":"(anonymous_0)","decl":{"start":{"line":16,"column":14},"end":{"line":16,"column":15}},"loc":{"start":{"line":16,"column":100},"end":{"line":126,"column":1}},"line":16},"1":{"name":"(anonymous_1)","decl":{"start":{"line":18,"column":31},"end":{"line":18,"column":32}},"loc":{"start":{"line":18,"column":43},"end":{"line":79,"column":1}},"line":18}},"branchMap":{},"s":{"0":0,"1":0,"2":0,"3":0,"4":0},"f":{"0":0,"1":0},"b":{}}
,"/home/saching/Desktop/ClonedBootcamp-GreenCommute/GreenCommute/final/src/components/Organism/RightGrid/Right.stories.js": {"path":"/home/saching/Desktop/ClonedBootcamp-GreenCommute/GreenCommute/final/src/components/Organism/RightGrid/Right.stories.js","statementMap":{"0":{"start":{"line":9,"column":17},"end":{"line":9,"column":46}},"1":{"start":{"line":9,"column":27},"end":{"line":9,"column":46}},"2":{"start":{"line":11,"column":28},"end":{"line":11,"column":45}},"3":{"start":{"line":14,"column":0},"end":{"line":23,"column":2}}},"fnMap":{"0":{"name":"(anonymous_0)","decl":{"start":{"line":9,"column":17},"end":{"line":9,"column":18}},"loc":{"start":{"line":9,"column":27},"end":{"line":9,"column":46}},"line":9}},"branchMap":{},"s":{"0":0,"1":0,"2":0,"3":0},"f":{"0":0},"b":{}}
,"/home/saching/Desktop/ClonedBootcamp-GreenCommute/GreenCommute/final/src/components/Organism/RightMapGrid/RightMap.js": {"path":"/home/saching/Desktop/ClonedBootcamp-GreenCommute/GreenCommute/final/src/components/Organism/RightMapGrid/RightMap.js","statementMap":{"0":{"start":{"line":19,"column":17},"end":{"line":157,"column":1}},"1":{"start":{"line":21,"column":20},"end":{"line":85,"column":3}},"2":{"start":{"line":21,"column":43},"end":{"line":85,"column":1}},"3":{"start":{"line":87,"column":16},"end":{"line":87,"column":27}},"4":{"start":{"line":89,"column":2},"end":{"line":156,"column":4}}},"fnMap":{"0":{"name":"(anonymous_0)","decl":{"start":{"line":19,"column":17},"end":{"line":19,"column":18}},"loc":{"start":{"line":19,"column":174},"end":{"line":157,"column":1}},"line":19},"1":{"name":"(anonymous_1)","decl":{"start":{"line":21,"column":31},"end":{"line":21,"column":32}},"loc":{"start":{"line":21,"column":43},"end":{"line":85,"column":1}},"line":21}},"branchMap":{},"s":{"0":0,"1":0,"2":0,"3":0,"4":0},"f":{"0":0,"1":0},"b":{}}
,"/home/saching/Desktop/ClonedBootcamp-GreenCommute/GreenCommute/final/src/components/Organism/RightMapGrid/RightMap.stories.js": {"path":"/home/saching/Desktop/ClonedBootcamp-GreenCommute/GreenCommute/final/src/components/Organism/RightMapGrid/RightMap.stories.js","statementMap":{"0":{"start":{"line":9,"column":17},"end":{"line":9,"column":49}},"1":{"start":{"line":9,"column":27},"end":{"line":9,"column":49}},"2":{"start":{"line":11,"column":31},"end":{"line":11,"column":48}},"3":{"start":{"line":14,"column":0},"end":{"line":26,"column":2}}},"fnMap":{"0":{"name":"(anonymous_0)","decl":{"start":{"line":9,"column":17},"end":{"line":9,"column":18}},"loc":{"start":{"line":9,"column":27},"end":{"line":9,"column":49}},"line":9}},"branchMap":{},"s":{"0":0,"1":0,"2":0,"3":0},"f":{"0":0},"b":{}}
,"/home/saching/Desktop/ClonedBootcamp-GreenCommute/GreenCommute/final/src/components/Organism/SideNavBar/SideNavBar.js": {"path":"/home/saching/Desktop/ClonedBootcamp-GreenCommute/GreenCommute/final/src/components/Organism/SideNavBar/SideNavBar.js","statementMap":{"0":{"start":{"line":29,"column":4},"end":{"line":29,"column":22}},"1":{"start":{"line":30,"column":19},"end":{"line":30,"column":24}},"2":{"start":{"line":31,"column":4},"end":{"line":35,"column":7}},"3":{"start":{"line":33,"column":11},"end":{"line":33,"column":27}},"4":{"start":{"line":47,"column":46},"end":{"line":47,"column":63}},"5":{"start":{"line":50,"column":32},"end":{"line":53,"column":5}},"6":{"start":{"line":51,"column":8},"end":{"line":51,"column":32}},"7":{"start":{"line":55,"column":25},"end":{"line":88,"column":5}},"8":{"start":{"line":91,"column":22},"end":{"line":183,"column":7}},"9":{"start":{"line":91,"column":45},"end":{"line":183,"column":5}},"10":{"start":{"line":185,"column":20},"end":{"line":185,"column":31}},"11":{"start":{"line":187,"column":4},"end":{"line":235,"column":6}},"12":{"start":{"line":200,"column":52},"end":{"line":200,"column":56}},"13":{"start":{"line":201,"column":32},"end":{"line":215,"column":33}},"14":{"start":{"line":202,"column":36},"end":{"line":214,"column":37}},"15":{"start":{"line":204,"column":181},"end":{"line":204,"column":208}},"16":{"start":{"line":216,"column":32},"end":{"line":227,"column":33}},"17":{"start":{"line":218,"column":177},"end":{"line":218,"column":204}}},"fnMap":{"0":{"name":"Boom","decl":{"start":{"line":28,"column":9},"end":{"line":28,"column":13}},"loc":{"start":{"line":28,"column":21},"end":{"line":36,"column":1}},"line":28},"1":{"name":"(anonymous_1)","decl":{"start":{"line":32,"column":8},"end":{"line":32,"column":9}},"loc":{"start":{"line":32,"column":17},"end":{"line":34,"column":8}},"line":32},"2":{"name":"SideNavBar","decl":{"start":{"line":45,"column":24},"end":{"line":45,"column":34}},"loc":{"start":{"line":45,"column":42},"end":{"line":237,"column":1}},"line":45},"3":{"name":"(anonymous_3)","decl":{"start":{"line":50,"column":32},"end":{"line":50,"column":33}},"loc":{"start":{"line":50,"column":43},"end":{"line":53,"column":5}},"line":50},"4":{"name":"(anonymous_4)","decl":{"start":{"line":91,"column":33},"end":{"line":91,"column":34}},"loc":{"start":{"line":91,"column":45},"end":{"line":183,"column":5}},"line":91},"5":{"name":"(anonymous_5)","decl":{"start":{"line":199,"column":45},"end":{"line":199,"column":46}},"loc":{"start":{"line":199,"column":61},"end":{"line":228,"column":29}},"line":199},"6":{"name":"(anonymous_6)","decl":{"start":{"line":204,"column":174},"end":{"line":204,"column":175}},"loc":{"start":{"line":204,"column":180},"end":{"line":204,"column":210}},"line":204},"7":{"name":"(anonymous_7)","decl":{"start":{"line":218,"column":170},"end":{"line":218,"column":171}},"loc":{"start":{"line":218,"column":176},"end":{"line":218,"column":206}},"line":218}},"branchMap":{"0":{"loc":{"start":{"line":201,"column":32},"end":{"line":215,"column":33}},"type":"if","locations":[{"start":{"line":201,"column":32},"end":{"line":215,"column":33}},{"start":{"line":201,"column":32},"end":{"line":215,"column":33}}],"line":201},"1":{"loc":{"start":{"line":204,"column":88},"end":{"line":204,"column":163}},"type":"cond-expr","locations":[{"start":{"line":204,"column":114},"end":{"line":204,"column":139}},{"start":{"line":204,"column":142},"end":{"line":204,"column":163}}],"line":204},"2":{"loc":{"start":{"line":208,"column":53},"end":{"line":208,"column":114}},"type":"cond-expr","locations":[{"start":{"line":208,"column":79},"end":{"line":208,"column":99}},{"start":{"line":208,"column":102},"end":{"line":208,"column":114}}],"line":208},"3":{"loc":{"start":{"line":210,"column":102},"end":{"line":210,"column":185}},"type":"cond-expr","locations":[{"start":{"line":210,"column":128},"end":{"line":210,"column":159}},{"start":{"line":210,"column":162},"end":{"line":210,"column":185}}],"line":210},"4":{"loc":{"start":{"line":218,"column":84},"end":{"line":218,"column":159}},"type":"cond-expr","locations":[{"start":{"line":218,"column":110},"end":{"line":218,"column":135}},{"start":{"line":218,"column":138},"end":{"line":218,"column":159}}],"line":218},"5":{"loc":{"start":{"line":222,"column":53},"end":{"line":222,"column":114}},"type":"cond-expr","locations":[{"start":{"line":222,"column":79},"end":{"line":222,"column":99}},{"start":{"line":222,"column":102},"end":{"line":222,"column":114}}],"line":222},"6":{"loc":{"start":{"line":224,"column":102},"end":{"line":224,"column":185}},"type":"cond-expr","locations":[{"start":{"line":224,"column":128},"end":{"line":224,"column":159}},{"start":{"line":224,"column":162},"end":{"line":224,"column":185}}],"line":224}},"s":{"0":0,"1":0,"2":0,"3":0,"4":0,"5":0,"6":0,"7":0,"8":0,"9":0,"10":0,"11":0,"12":0,"13":0,"14":0,"15":0,"16":0,"17":0},"f":{"0":0,"1":0,"2":0,"3":0,"4":0,"5":0,"6":0,"7":0},"b":{"0":[0,0],"1":[0,0],"2":[0,0],"3":[0,0],"4":[0,0],"5":[0,0],"6":[0,0]}}
,"/home/saching/Desktop/ClonedBootcamp-GreenCommute/GreenCommute/final/src/components/Organism/SideNavBar/SideNavBar.stories.js": {"path":"/home/saching/Desktop/ClonedBootcamp-GreenCommute/GreenCommute/final/src/components/Organism/SideNavBar/SideNavBar.stories.js","statementMap":{"0":{"start":{"line":8,"column":17},"end":{"line":8,"column":51}},"1":{"start":{"line":8,"column":27},"end":{"line":8,"column":51}},"2":{"start":{"line":12,"column":30},"end":{"line":12,"column":47}},"3":{"start":{"line":14,"column":0},"end":{"line":20,"column":2}}},"fnMap":{"0":{"name":"(anonymous_0)","decl":{"start":{"line":8,"column":17},"end":{"line":8,"column":18}},"loc":{"start":{"line":8,"column":27},"end":{"line":8,"column":51}},"line":8}},"branchMap":{},"s":{"0":0,"1":0,"2":0,"3":0},"f":{"0":0},"b":{}}
,"/home/saching/Desktop/ClonedBootcamp-GreenCommute/GreenCommute/final/src/components/Organism/TopNavigation/TopNavigation.js": {"path":"/home/saching/Desktop/ClonedBootcamp-GreenCommute/GreenCommute/final/src/components/Organism/TopNavigation/TopNavigation.js","statementMap":{"0":{"start":{"line":6,"column":22},"end":{"line":21,"column":3}},"1":{"start":{"line":8,"column":22},"end":{"line":10,"column":9}},"2":{"start":{"line":8,"column":45},"end":{"line":10,"column":7}},"3":{"start":{"line":11,"column":18},"end":{"line":11,"column":29}},"4":{"start":{"line":13,"column":4},"end":{"line":20,"column":6}}},"fnMap":{"0":{"name":"(anonymous_0)","decl":{"start":{"line":6,"column":22},"end":{"line":6,"column":23}},"loc":{"start":{"line":6,"column":47},"end":{"line":21,"column":3}},"line":6},"1":{"name":"(anonymous_1)","decl":{"start":{"line":8,"column":33},"end":{"line":8,"column":34}},"loc":{"start":{"line":8,"column":45},"end":{"line":10,"column":7}},"line":8}},"branchMap":{},"s":{"0":0,"1":0,"2":0,"3":0,"4":0},"f":{"0":0,"1":0},"b":{}}
,"/home/saching/Desktop/ClonedBootcamp-GreenCommute/GreenCommute/final/src/components/Organism/TopNavigation/TopNavigation.stories.js": {"path":"/home/saching/Desktop/ClonedBootcamp-GreenCommute/GreenCommute/final/src/components/Organism/TopNavigation/TopNavigation.stories.js","statementMap":{"0":{"start":{"line":10,"column":17},"end":{"line":10,"column":54}},"1":{"start":{"line":10,"column":27},"end":{"line":10,"column":54}},"2":{"start":{"line":12,"column":36},"end":{"line":12,"column":53}},"3":{"start":{"line":15,"column":0},"end":{"line":17,"column":2}}},"fnMap":{"0":{"name":"(anonymous_0)","decl":{"start":{"line":10,"column":17},"end":{"line":10,"column":18}},"loc":{"start":{"line":10,"column":27},"end":{"line":10,"column":54}},"line":10}},"branchMap":{},"s":{"0":0,"1":0,"2":0,"3":0},"f":{"0":0},"b":{}}
,"/home/saching/Desktop/ClonedBootcamp-GreenCommute/GreenCommute/final/src/components/Pages/JobList/JobList.js": {"path":"/home/saching/Desktop/ClonedBootcamp-GreenCommute/GreenCommute/final/src/components/Pages/JobList/JobList.js","statementMap":{"0":{"start":{"line":18,"column":18},"end":{"line":18,"column":52}},"1":{"start":{"line":18,"column":40},"end":{"line":18,"column":50}},"2":{"start":{"line":19,"column":27},"end":{"line":19,"column":47}},"3":{"start":{"line":20,"column":4},"end":{"line":64,"column":6}},"4":{"start":{"line":50,"column":36},"end":{"line":51,"column":89}}},"fnMap":{"0":{"name":"JobList","decl":{"start":{"line":17,"column":24},"end":{"line":17,"column":31}},"loc":{"start":{"line":17,"column":33},"end":{"line":65,"column":1}},"line":17},"1":{"name":"(anonymous_1)","decl":{"start":{"line":18,"column":31},"end":{"line":18,"column":32}},"loc":{"start":{"line":18,"column":40},"end":{"line":18,"column":50}},"line":18},"2":{"name":"(anonymous_2)","decl":{"start":{"line":49,"column":51},"end":{"line":49,"column":52}},"loc":{"start":{"line":50,"column":36},"end":{"line":51,"column":89}},"line":50}},"branchMap":{},"s":{"0":0,"1":0,"2":0,"3":0,"4":0},"f":{"0":0,"1":0,"2":0},"b":{}}
,"/home/saching/Desktop/ClonedBootcamp-GreenCommute/GreenCommute/final/src/components/Pages/SearchJobPage/SearchJobPage.js": {"path":"/home/saching/Desktop/ClonedBootcamp-GreenCommute/GreenCommute/final/src/components/Pages/SearchJobPage/SearchJobPage.js","statementMap":{"0":{"start":{"line":16,"column":18},"end":{"line":16,"column":52}},"1":{"start":{"line":16,"column":40},"end":{"line":16,"column":50}},"2":{"start":{"line":17,"column":27},"end":{"line":17,"column":47}},"3":{"start":{"line":18,"column":4},"end":{"line":52,"column":6}},"4":{"start":{"line":46,"column":28},"end":{"line":46,"column":51}}},"fnMap":{"0":{"name":"SearchJobPage","decl":{"start":{"line":15,"column":24},"end":{"line":15,"column":37}},"loc":{"start":{"line":15,"column":39},"end":{"line":53,"column":1}},"line":15},"1":{"name":"(anonymous_1)","decl":{"start":{"line":16,"column":31},"end":{"line":16,"column":32}},"loc":{"start":{"line":16,"column":40},"end":{"line":16,"column":50}},"line":16},"2":{"name":"(anonymous_2)","decl":{"start":{"line":45,"column":43},"end":{"line":45,"column":44}},"loc":{"start":{"line":46,"column":28},"end":{"line":46,"column":51}},"line":46}},"branchMap":{},"s":{"0":0,"1":0,"2":0,"3":0,"4":0},"f":{"0":0,"1":0,"2":0},"b":{}}
,"/home/saching/Desktop/ClonedBootcamp-GreenCommute/GreenCommute/final/src/components/atoms/Checkbox/Checkbox.js": {"path":"/home/saching/Desktop/ClonedBootcamp-GreenCommute/GreenCommute/final/src/components/atoms/Checkbox/Checkbox.js","statementMap":{"0":{"start":{"line":7,"column":32},"end":{"line":37,"column":12}}},"fnMap":{},"branchMap":{},"s":{"0":2},"f":{},"b":{},"_coverageSchema":"1a1c01bbd47fc00a2c39e90264f33305004495a9","hash":"c9e4a7002dd0fa825b9d67f88917d56022855b45"}
,"/home/saching/Desktop/ClonedBootcamp-GreenCommute/GreenCommute/final/src/components/atoms/Checkbox/Checkbox.stories.js": {"path":"/home/saching/Desktop/ClonedBootcamp-GreenCommute/GreenCommute/final/src/components/atoms/Checkbox/Checkbox.stories.js","statementMap":{"0":{"start":{"line":12,"column":17},"end":{"line":12,"column":49}},"1":{"start":{"line":12,"column":27},"end":{"line":12,"column":49}},"2":{"start":{"line":14,"column":23},"end":{"line":14,"column":40}}},"fnMap":{"0":{"name":"(anonymous_0)","decl":{"start":{"line":12,"column":17},"end":{"line":12,"column":18}},"loc":{"start":{"line":12,"column":27},"end":{"line":12,"column":49}},"line":12}},"branchMap":{},"s":{"0":0,"1":0,"2":0},"f":{"0":0},"b":{}}
,"/home/saching/Desktop/ClonedBootcamp-GreenCommute/GreenCommute/final/src/components/atoms/MyImage/MyImage.js": {"path":"/home/saching/Desktop/ClonedBootcamp-GreenCommute/GreenCommute/final/src/components/atoms/MyImage/MyImage.js","statementMap":{"0":{"start":{"line":4,"column":16},"end":{"line":8,"column":1}},"1":{"start":{"line":5,"column":4},"end":{"line":7,"column":6}}},"fnMap":{"0":{"name":"(anonymous_0)","decl":{"start":{"line":4,"column":16},"end":{"line":4,"column":17}},"loc":{"start":{"line":4,"column":59},"end":{"line":8,"column":1}},"line":4}},"branchMap":{},"s":{"0":8,"1":6},"f":{"0":6},"b":{},"_coverageSchema":"1a1c01bbd47fc00a2c39e90264f33305004495a9","hash":"edd687947e358ad5fe78c95ece4ac2cc5c061ea2"}
,"/home/saching/Desktop/ClonedBootcamp-GreenCommute/GreenCommute/final/src/components/atoms/MyImage/MyImage.stories.js": {"path":"/home/saching/Desktop/ClonedBootcamp-GreenCommute/GreenCommute/final/src/components/atoms/MyImage/MyImage.stories.js","statementMap":{"0":{"start":{"line":9,"column":17},"end":{"line":9,"column":48}},"1":{"start":{"line":9,"column":27},"end":{"line":9,"column":48}},"2":{"start":{"line":11,"column":30},"end":{"line":11,"column":47}},"3":{"start":{"line":13,"column":0},"end":{"line":18,"column":2}},"4":{"start":{"line":20,"column":31},"end":{"line":20,"column":48}},"5":{"start":{"line":22,"column":0},"end":{"line":27,"column":2}},"6":{"start":{"line":30,"column":31},"end":{"line":30,"column":48}},"7":{"start":{"line":32,"column":0},"end":{"line":37,"column":2}},"8":{"start":{"line":39,"column":29},"end":{"line":39,"column":46}},"9":{"start":{"line":41,"column":0},"end":{"line":47,"column":2}}},"fnMap":{"0":{"name":"(anonymous_0)","decl":{"start":{"line":9,"column":17},"end":{"line":9,"column":18}},"loc":{"start":{"line":9,"column":27},"end":{"line":9,"column":48}},"line":9}},"branchMap":{},"s":{"0":0,"1":0,"2":0,"3":0,"4":0,"5":0,"6":0,"7":0,"8":0,"9":0},"f":{"0":0},"b":{}}
,"/home/saching/Desktop/ClonedBootcamp-GreenCommute/GreenCommute/final/src/components/atoms/MyTypography/MyTypography.js": {"path":"/home/saching/Desktop/ClonedBootcamp-GreenCommute/GreenCommute/final/src/components/atoms/MyTypography/MyTypography.js","statementMap":{"0":{"start":{"line":6,"column":18},"end":{"line":15,"column":3}},"1":{"start":{"line":6,"column":40},"end":{"line":15,"column":1}},"2":{"start":{"line":17,"column":21},"end":{"line":22,"column":1}},"3":{"start":{"line":18,"column":20},"end":{"line":18,"column":31}},"4":{"start":{"line":19,"column":4},"end":{"line":21,"column":6}}},"fnMap":{"0":{"name":"(anonymous_0)","decl":{"start":{"line":6,"column":29},"end":{"line":6,"column":30}},"loc":{"start":{"line":6,"column":40},"end":{"line":15,"column":1}},"line":6},"1":{"name":"(anonymous_1)","decl":{"start":{"line":17,"column":21},"end":{"line":17,"column":22}},"loc":{"start":{"line":17,"column":45},"end":{"line":22,"column":1}},"line":17}},"branchMap":{},"s":{"0":12,"1":2,"2":12,"3":2,"4":2},"f":{"0":2,"1":2},"b":{},"_coverageSchema":"1a1c01bbd47fc00a2c39e90264f33305004495a9","hash":"efd5ae04fa1e96e181c7401b09adb66c401b22a1"}
,"/home/saching/Desktop/ClonedBootcamp-GreenCommute/GreenCommute/final/src/components/atoms/MyTypography/MyTypography.stories.js": {"path":"/home/saching/Desktop/ClonedBootcamp-GreenCommute/GreenCommute/final/src/components/atoms/MyTypography/MyTypography.stories.js","statementMap":{"0":{"start":{"line":9,"column":17},"end":{"line":9,"column":53}},"1":{"start":{"line":9,"column":27},"end":{"line":9,"column":53}},"2":{"start":{"line":11,"column":23},"end":{"line":11,"column":40}},"3":{"start":{"line":13,"column":0},"end":{"line":18,"column":2}},"4":{"start":{"line":97,"column":25},"end":{"line":97,"column":42}},"5":{"start":{"line":99,"column":0},"end":{"line":109,"column":2}}},"fnMap":{"0":{"name":"(anonymous_0)","decl":{"start":{"line":9,"column":17},"end":{"line":9,"column":18}},"loc":{"start":{"line":9,"column":27},"end":{"line":9,"column":53}},"line":9}},"branchMap":{},"s":{"0":0,"1":0,"2":0,"3":0,"4":0,"5":0},"f":{"0":0},"b":{}}
,"/home/saching/Desktop/ClonedBootcamp-GreenCommute/GreenCommute/final/src/components/atoms/TextField/CustomTextFieldForJobLocation.js": {"path":"/home/saching/Desktop/ClonedBootcamp-GreenCommute/GreenCommute/final/src/components/atoms/TextField/CustomTextFieldForJobLocation.js","statementMap":{"0":{"start":{"line":7,"column":18},"end":{"line":25,"column":2}},"1":{"start":{"line":27,"column":18},"end":{"line":27,"column":29}},"2":{"start":{"line":28,"column":2},"end":{"line":32,"column":4}}},"fnMap":{"0":{"name":"CustomTextFieldForJobLocation","decl":{"start":{"line":26,"column":24},"end":{"line":26,"column":53}},"loc":{"start":{"line":26,"column":76},"end":{"line":33,"column":1}},"line":26}},"branchMap":{},"s":{"0":1,"1":1,"2":1},"f":{"0":1},"b":{},"_coverageSchema":"1a1c01bbd47fc00a2c39e90264f33305004495a9","hash":"91118e7c4eb6b0108ccf45824383b0a673e944bc"}
,"/home/saching/Desktop/ClonedBootcamp-GreenCommute/GreenCommute/final/src/components/atoms/TextField/CustomTextFieldForJobLocationForJobListPage.js": {"path":"/home/saching/Desktop/ClonedBootcamp-GreenCommute/GreenCommute/final/src/components/atoms/TextField/CustomTextFieldForJobLocationForJobListPage.js","statementMap":{"0":{"start":{"line":7,"column":18},"end":{"line":25,"column":2}},"1":{"start":{"line":27,"column":18},"end":{"line":27,"column":29}},"2":{"start":{"line":28,"column":2},"end":{"line":32,"column":4}}},"fnMap":{"0":{"name":"CustomTextFieldForJobLocationForJobListPage","decl":{"start":{"line":26,"column":24},"end":{"line":26,"column":67}},"loc":{"start":{"line":26,"column":90},"end":{"line":33,"column":1}},"line":26}},"branchMap":{},"s":{"0":0,"1":0,"2":0},"f":{"0":0},"b":{}}
,"/home/saching/Desktop/ClonedBootcamp-GreenCommute/GreenCommute/final/src/components/atoms/TextField/CustomTextFieldForJobSearch.js": {"path":"/home/saching/Desktop/ClonedBootcamp-GreenCommute/GreenCommute/final/src/components/atoms/TextField/CustomTextFieldForJobSearch.js","statementMap":{"0":{"start":{"line":7,"column":18},"end":{"line":25,"column":2}},"1":{"start":{"line":27,"column":18},"end":{"line":27,"column":34}},"2":{"start":{"line":29,"column":2},"end":{"line":29,"column":76}}},"fnMap":{"0":{"name":"CustomTextFieldForJobSearch","decl":{"start":{"line":26,"column":24},"end":{"line":26,"column":51}},"loc":{"start":{"line":26,"column":74},"end":{"line":30,"column":1}},"line":26}},"branchMap":{},"s":{"0":1,"1":1,"2":1},"f":{"0":1},"b":{},"_coverageSchema":"1a1c01bbd47fc00a2c39e90264f33305004495a9","hash":"aa10f63ce2855c03564419a999d252e63fb62a3d"}
,"/home/saching/Desktop/ClonedBootcamp-GreenCommute/GreenCommute/final/src/components/atoms/TextField/CustomTextFieldForJobSearchForJobListPage.js": {"path":"/home/saching/Desktop/ClonedBootcamp-GreenCommute/GreenCommute/final/src/components/atoms/TextField/CustomTextFieldForJobSearchForJobListPage.js","statementMap":{"0":{"start":{"line":7,"column":18},"end":{"line":25,"column":2}},"1":{"start":{"line":27,"column":18},"end":{"line":27,"column":34}},"2":{"start":{"line":29,"column":2},"end":{"line":29,"column":76}}},"fnMap":{"0":{"name":"CustomTextFieldForJobSearchForJobListPage","decl":{"start":{"line":26,"column":24},"end":{"line":26,"column":65}},"loc":{"start":{"line":26,"column":88},"end":{"line":30,"column":1}},"line":26}},"branchMap":{},"s":{"0":0,"1":0,"2":0},"f":{"0":0},"b":{}}
,"/home/saching/Desktop/ClonedBootcamp-GreenCommute/GreenCommute/final/src/components/atoms/button/CustomButton.js": {"path":"/home/saching/Desktop/ClonedBootcamp-GreenCommute/GreenCommute/final/src/components/atoms/button/CustomButton.js","statementMap":{"0":{"start":{"line":7,"column":17},"end":{"line":17,"column":1}},"1":{"start":{"line":8,"column":2},"end":{"line":8,"column":23}},"2":{"start":{"line":9,"column":2},"end":{"line":16,"column":4}},"3":{"start":{"line":19,"column":0},"end":{"line":21,"column":1}}},"fnMap":{"0":{"name":"(anonymous_0)","decl":{"start":{"line":7,"column":17},"end":{"line":7,"column":18}},"loc":{"start":{"line":7,"column":51},"end":{"line":17,"column":1}},"line":7}},"branchMap":{},"s":{"0":3,"1":2,"2":2,"3":3},"f":{"0":2},"b":{},"_coverageSchema":"1a1c01bbd47fc00a2c39e90264f33305004495a9","hash":"eef6450fd2f09582366632529db9e9e7a86f784b"}
,"/home/saching/Desktop/ClonedBootcamp-GreenCommute/GreenCommute/final/src/components/atoms/button/CustomButton.stories.js": {"path":"/home/saching/Desktop/ClonedBootcamp-GreenCommute/GreenCommute/final/src/components/atoms/button/CustomButton.stories.js","statementMap":{"0":{"start":{"line":12,"column":17},"end":{"line":12,"column":49}},"1":{"start":{"line":12,"column":27},"end":{"line":12,"column":49}},"2":{"start":{"line":14,"column":23},"end":{"line":14,"column":40}},"3":{"start":{"line":15,"column":0},"end":{"line":29,"column":2}}},"fnMap":{"0":{"name":"(anonymous_0)","decl":{"start":{"line":12,"column":17},"end":{"line":12,"column":18}},"loc":{"start":{"line":12,"column":27},"end":{"line":12,"column":49}},"line":12}},"branchMap":{},"s":{"0":0,"1":0,"2":0,"3":0},"f":{"0":0},"b":{}}
,"/home/saching/Desktop/ClonedBootcamp-GreenCommute/GreenCommute/final/src/components/atoms/icons/CustomisedIcon.jsx": {"path":"/home/saching/Desktop/ClonedBootcamp-GreenCommute/GreenCommute/final/src/components/atoms/icons/CustomisedIcon.jsx","statementMap":{"0":{"start":{"line":5,"column":18},"end":{"line":10,"column":3}},"1":{"start":{"line":5,"column":41},"end":{"line":10,"column":1}},"2":{"start":{"line":15,"column":4},"end":{"line":19,"column":6}}},"fnMap":{"0":{"name":"(anonymous_0)","decl":{"start":{"line":5,"column":29},"end":{"line":5,"column":30}},"loc":{"start":{"line":5,"column":41},"end":{"line":10,"column":1}},"line":5},"1":{"name":"CustomisedIcon","decl":{"start":{"line":13,"column":24},"end":{"line":13,"column":38}},"loc":{"start":{"line":13,"column":62},"end":{"line":20,"column":1}},"line":13}},"branchMap":{},"s":{"0":2,"1":0,"2":0},"f":{"0":0,"1":0},"b":{},"_coverageSchema":"1a1c01bbd47fc00a2c39e90264f33305004495a9","hash":"8da18179c660e85c1d4644b0ef8cd1dc57e22172"}
,"/home/saching/Desktop/ClonedBootcamp-GreenCommute/GreenCommute/final/src/components/atoms/icons/IconInStorybook.js": {"path":"/home/saching/Desktop/ClonedBootcamp-GreenCommute/GreenCommute/final/src/components/atoms/icons/IconInStorybook.js","statementMap":{"0":{"start":{"line":7,"column":22},"end":{"line":16,"column":7}},"1":{"start":{"line":7,"column":45},"end":{"line":16,"column":5}},"2":{"start":{"line":18,"column":20},"end":{"line":18,"column":31}},"3":{"start":{"line":19,"column":4},"end":{"line":25,"column":6}}},"fnMap":{"0":{"name":"IconInStorybook","decl":{"start":{"line":6,"column":24},"end":{"line":6,"column":39}},"loc":{"start":{"line":6,"column":46},"end":{"line":26,"column":1}},"line":6},"1":{"name":"(anonymous_1)","decl":{"start":{"line":7,"column":33},"end":{"line":7,"column":34}},"loc":{"start":{"line":7,"column":45},"end":{"line":16,"column":5}},"line":7}},"branchMap":{},"s":{"0":0,"1":0,"2":0,"3":0},"f":{"0":0,"1":0},"b":{}}
,"/home/saching/Desktop/ClonedBootcamp-GreenCommute/GreenCommute/final/src/components/atoms/icons/IconInStorybook.stories.js": {"path":"/home/saching/Desktop/ClonedBootcamp-GreenCommute/GreenCommute/final/src/components/atoms/icons/IconInStorybook.stories.js","statementMap":{"0":{"start":{"line":9,"column":17},"end":{"line":9,"column":56}},"1":{"start":{"line":9,"column":27},"end":{"line":9,"column":56}},"2":{"start":{"line":14,"column":32},"end":{"line":14,"column":49}},"3":{"start":{"line":16,"column":0},"end":{"line":17,"column":2}}},"fnMap":{"0":{"name":"(anonymous_0)","decl":{"start":{"line":9,"column":17},"end":{"line":9,"column":18}},"loc":{"start":{"line":9,"column":27},"end":{"line":9,"column":56}},"line":9}},"branchMap":{},"s":{"0":0,"1":0,"2":0,"3":0},"f":{"0":0},"b":{}}
,"/home/saching/Desktop/ClonedBootcamp-GreenCommute/GreenCommute/final/src/components/atoms/stepperTab/CustomStepperTab.js": {"path":"/home/saching/Desktop/ClonedBootcamp-GreenCommute/GreenCommute/final/src/components/atoms/stepperTab/CustomStepperTab.js","statementMap":{"0":{"start":{"line":9,"column":23},"end":{"line":25,"column":19}},"1":{"start":{"line":27,"column":18},"end":{"line":42,"column":5}},"2":{"start":{"line":27,"column":41},"end":{"line":42,"column":3}},"3":{"start":{"line":45,"column":40},"end":{"line":45,"column":57}},"4":{"start":{"line":46,"column":34},"end":{"line":46,"column":59}},"5":{"start":{"line":47,"column":18},"end":{"line":47,"column":28}},"6":{"start":{"line":49,"column":27},"end":{"line":51,"column":5}},"7":{"start":{"line":50,"column":6},"end":{"line":50,"column":24}},"8":{"start":{"line":53,"column":26},"end":{"line":55,"column":5}},"9":{"start":{"line":54,"column":6},"end":{"line":54,"column":31}},"10":{"start":{"line":57,"column":23},"end":{"line":66,"column":5}},"11":{"start":{"line":58,"column":23},"end":{"line":58,"column":30}},"12":{"start":{"line":59,"column":6},"end":{"line":62,"column":7}},"13":{"start":{"line":60,"column":8},"end":{"line":60,"column":50}},"14":{"start":{"line":61,"column":8},"end":{"line":61,"column":38}},"15":{"start":{"line":64,"column":6},"end":{"line":64,"column":60}},"16":{"start":{"line":64,"column":40},"end":{"line":64,"column":58}},"17":{"start":{"line":65,"column":6},"end":{"line":65,"column":29}},"18":{"start":{"line":68,"column":23},"end":{"line":70,"column":5}},"19":{"start":{"line":69,"column":6},"end":{"line":69,"column":60}},"20":{"start":{"line":69,"column":40},"end":{"line":69,"column":58}},"21":{"start":{"line":72,"column":23},"end":{"line":85,"column":5}},"22":{"start":{"line":73,"column":6},"end":{"line":77,"column":7}},"23":{"start":{"line":76,"column":8},"end":{"line":76,"column":70}},"24":{"start":{"line":79,"column":6},"end":{"line":79,"column":60}},"25":{"start":{"line":79,"column":40},"end":{"line":79,"column":58}},"26":{"start":{"line":80,"column":6},"end":{"line":84,"column":9}},"27":{"start":{"line":81,"column":27},"end":{"line":81,"column":56}},"28":{"start":{"line":82,"column":8},"end":{"line":82,"column":35}},"29":{"start":{"line":83,"column":8},"end":{"line":83,"column":26}},"30":{"start":{"line":87,"column":24},"end":{"line":89,"column":5}},"31":{"start":{"line":88,"column":6},"end":{"line":88,"column":23}},"32":{"start":{"line":91,"column":4},"end":{"line":111,"column":6}},"33":{"start":{"line":96,"column":34},"end":{"line":96,"column":36}},"34":{"start":{"line":97,"column":35},"end":{"line":97,"column":37}},"35":{"start":{"line":99,"column":16},"end":{"line":101,"column":17}},"36":{"start":{"line":100,"column":16},"end":{"line":100,"column":44}},"37":{"start":{"line":102,"column":16},"end":{"line":106,"column":18}}},"fnMap":{"0":{"name":"(anonymous_0)","decl":{"start":{"line":27,"column":29},"end":{"line":27,"column":30}},"loc":{"start":{"line":27,"column":41},"end":{"line":42,"column":3}},"line":27},"1":{"name":"HorizontalLinearStepper","decl":{"start":{"line":44,"column":24},"end":{"line":44,"column":47}},"loc":{"start":{"line":44,"column":55},"end":{"line":112,"column":3}},"line":44},"2":{"name":"(anonymous_2)","decl":{"start":{"line":49,"column":27},"end":{"line":49,"column":28}},"loc":{"start":{"line":49,"column":37},"end":{"line":51,"column":5}},"line":49},"3":{"name":"(anonymous_3)","decl":{"start":{"line":53,"column":26},"end":{"line":53,"column":27}},"loc":{"start":{"line":53,"column":36},"end":{"line":55,"column":5}},"line":53},"4":{"name":"(anonymous_4)","decl":{"start":{"line":57,"column":23},"end":{"line":57,"column":24}},"loc":{"start":{"line":57,"column":29},"end":{"line":66,"column":5}},"line":57},"5":{"name":"(anonymous_5)","decl":{"start":{"line":64,"column":20},"end":{"line":64,"column":21}},"loc":{"start":{"line":64,"column":40},"end":{"line":64,"column":58}},"line":64},"6":{"name":"(anonymous_6)","decl":{"start":{"line":68,"column":23},"end":{"line":68,"column":24}},"loc":{"start":{"line":68,"column":29},"end":{"line":70,"column":5}},"line":68},"7":{"name":"(anonymous_7)","decl":{"start":{"line":69,"column":20},"end":{"line":69,"column":21}},"loc":{"start":{"line":69,"column":40},"end":{"line":69,"column":58}},"line":69},"8":{"name":"(anonymous_8)","decl":{"start":{"line":72,"column":23},"end":{"line":72,"column":24}},"loc":{"start":{"line":72,"column":29},"end":{"line":85,"column":5}},"line":72},"9":{"name":"(anonymous_9)","decl":{"start":{"line":79,"column":20},"end":{"line":79,"column":21}},"loc":{"start":{"line":79,"column":40},"end":{"line":79,"column":58}},"line":79},"10":{"name":"(anonymous_10)","decl":{"start":{"line":80,"column":17},"end":{"line":80,"column":18}},"loc":{"start":{"line":80,"column":34},"end":{"line":84,"column":7}},"line":80},"11":{"name":"(anonymous_11)","decl":{"start":{"line":87,"column":24},"end":{"line":87,"column":25}},"loc":{"start":{"line":87,"column":30},"end":{"line":89,"column":5}},"line":87},"12":{"name":"(anonymous_12)","decl":{"start":{"line":95,"column":23},"end":{"line":95,"column":24}},"loc":{"start":{"line":95,"column":41},"end":{"line":107,"column":13}},"line":95}},"branchMap":{"0":{"loc":{"start":{"line":59,"column":6},"end":{"line":62,"column":7}},"type":"if","locations":[{"start":{"line":59,"column":6},"end":{"line":62,"column":7}},{"start":{"line":59,"column":6},"end":{"line":62,"column":7}}],"line":59},"1":{"loc":{"start":{"line":73,"column":6},"end":{"line":77,"column":7}},"type":"if","locations":[{"start":{"line":73,"column":6},"end":{"line":77,"column":7}},{"start":{"line":73,"column":6},"end":{"line":77,"column":7}}],"line":73},"2":{"loc":{"start":{"line":99,"column":16},"end":{"line":101,"column":17}},"type":"if","locations":[{"start":{"line":99,"column":16},"end":{"line":101,"column":17}},{"start":{"line":99,"column":16},"end":{"line":101,"column":17}}],"line":99}},"s":{"0":0,"1":0,"2":0,"3":0,"4":0,"5":0,"6":0,"7":0,"8":0,"9":0,"10":0,"11":0,"12":0,"13":0,"14":0,"15":0,"16":0,"17":0,"18":0,"19":0,"20":0,"21":0,"22":0,"23":0,"24":0,"25":0,"26":0,"27":0,"28":0,"29":0,"30":0,"31":0,"32":0,"33":0,"34":0,"35":0,"36":0,"37":0},"f":{"0":0,"1":0,"2":0,"3":0,"4":0,"5":0,"6":0,"7":0,"8":0,"9":0,"10":0,"11":0,"12":0},"b":{"0":[0,0],"1":[0,0],"2":[0,0]}}
,"/home/saching/Desktop/ClonedBootcamp-GreenCommute/GreenCommute/final/src/components/atoms/stepperTab/CustomStepperTab.stories.js": {"path":"/home/saching/Desktop/ClonedBootcamp-GreenCommute/GreenCommute/final/src/components/atoms/stepperTab/CustomStepperTab.stories.js","statementMap":{"0":{"start":{"line":8,"column":17},"end":{"line":8,"column":64}},"1":{"start":{"line":8,"column":27},"end":{"line":8,"column":64}},"2":{"start":{"line":10,"column":23},"end":{"line":10,"column":40}},"3":{"start":{"line":11,"column":0},"end":{"line":13,"column":2}}},"fnMap":{"0":{"name":"(anonymous_0)","decl":{"start":{"line":8,"column":17},"end":{"line":8,"column":18}},"loc":{"start":{"line":8,"column":27},"end":{"line":8,"column":64}},"line":8}},"branchMap":{},"s":{"0":0,"1":0,"2":0,"3":0},"f":{"0":0},"b":{}}
,"/home/saching/Desktop/ClonedBootcamp-GreenCommute/GreenCommute/final/src/components/molecules/CustomTextField/CustomTextField.js": {"path":"/home/saching/Desktop/ClonedBootcamp-GreenCommute/GreenCommute/final/src/components/molecules/CustomTextField/CustomTextField.js","statementMap":{"0":{"start":{"line":7,"column":24},"end":{"line":26,"column":1}},"1":{"start":{"line":9,"column":2},"end":{"line":25,"column":4}}},"fnMap":{"0":{"name":"(anonymous_0)","decl":{"start":{"line":7,"column":24},"end":{"line":7,"column":25}},"loc":{"start":{"line":7,"column":51},"end":{"line":26,"column":1}},"line":7}},"branchMap":{},"s":{"0":1,"1":1},"f":{"0":1},"b":{},"_coverageSchema":"1a1c01bbd47fc00a2c39e90264f33305004495a9","hash":"f012eeef212444dcd15792802b398c1250e66bf9"}
,"/home/saching/Desktop/ClonedBootcamp-GreenCommute/GreenCommute/final/src/components/molecules/CustomTextField/CustomTextField.stories.js": {"path":"/home/saching/Desktop/ClonedBootcamp-GreenCommute/GreenCommute/final/src/components/molecules/CustomTextField/CustomTextField.stories.js","statementMap":{"0":{"start":{"line":9,"column":17},"end":{"line":9,"column":56}},"1":{"start":{"line":9,"column":27},"end":{"line":9,"column":56}},"2":{"start":{"line":10,"column":23},"end":{"line":10,"column":40}},"3":{"start":{"line":12,"column":0},"end":{"line":14,"column":1}}},"fnMap":{"0":{"name":"(anonymous_0)","decl":{"start":{"line":9,"column":17},"end":{"line":9,"column":18}},"loc":{"start":{"line":9,"column":27},"end":{"line":9,"column":56}},"line":9}},"branchMap":{},"s":{"0":0,"1":0,"2":0,"3":0},"f":{"0":0},"b":{}}
,"/home/saching/Desktop/ClonedBootcamp-GreenCommute/GreenCommute/final/src/components/molecules/DescriptionCard/DescriptionCard.js": {"path":"/home/saching/Desktop/ClonedBootcamp-GreenCommute/GreenCommute/final/src/components/molecules/DescriptionCard/DescriptionCard.js","statementMap":{"0":{"start":{"line":9,"column":18},"end":{"line":19,"column":3}},"1":{"start":{"line":9,"column":41},"end":{"line":19,"column":1}},"2":{"start":{"line":20,"column":23},"end":{"line":35,"column":1}},"3":{"start":{"line":21,"column":20},"end":{"line":21,"column":31}},"4":{"start":{"line":23,"column":1},"end":{"line":33,"column":2}}},"fnMap":{"0":{"name":"(anonymous_0)","decl":{"start":{"line":9,"column":29},"end":{"line":9,"column":30}},"loc":{"start":{"line":9,"column":41},"end":{"line":19,"column":1}},"line":9},"1":{"name":"(anonymous_1)","decl":{"start":{"line":20,"column":23},"end":{"line":20,"column":24}},"loc":{"start":{"line":20,"column":41},"end":{"line":35,"column":1}},"line":20}},"branchMap":{},"s":{"0":1,"1":1,"2":1,"3":1,"4":1},"f":{"0":1,"1":1},"b":{},"_coverageSchema":"1a1c01bbd47fc00a2c39e90264f33305004495a9","hash":"1a484eced0ca1a9cc2c617c342d3a441654f4499"}
,"/home/saching/Desktop/ClonedBootcamp-GreenCommute/GreenCommute/final/src/components/molecules/DescriptionCard/DescriptionCard.stories.js": {"path":"/home/saching/Desktop/ClonedBootcamp-GreenCommute/GreenCommute/final/src/components/molecules/DescriptionCard/DescriptionCard.stories.js","statementMap":{"0":{"start":{"line":9,"column":17},"end":{"line":9,"column":56}},"1":{"start":{"line":9,"column":27},"end":{"line":9,"column":56}},"2":{"start":{"line":11,"column":37},"end":{"line":11,"column":54}},"3":{"start":{"line":14,"column":0},"end":{"line":18,"column":2}},"4":{"start":{"line":20,"column":39},"end":{"line":20,"column":56}},"5":{"start":{"line":23,"column":0},"end":{"line":27,"column":2}}},"fnMap":{"0":{"name":"(anonymous_0)","decl":{"start":{"line":9,"column":17},"end":{"line":9,"column":18}},"loc":{"start":{"line":9,"column":27},"end":{"line":9,"column":56}},"line":9}},"branchMap":{},"s":{"0":0,"1":0,"2":0,"3":0,"4":0,"5":0},"f":{"0":0},"b":{}}
,"/home/saching/Desktop/ClonedBootcamp-GreenCommute/GreenCommute/final/src/components/molecules/DescriptionList/DescriptionList.js": {"path":"/home/saching/Desktop/ClonedBootcamp-GreenCommute/GreenCommute/final/src/components/molecules/DescriptionList/DescriptionList.js","statementMap":{"0":{"start":{"line":7,"column":23},"end":{"line":48,"column":1}},"1":{"start":{"line":8,"column":18},"end":{"line":22,"column":3}},"2":{"start":{"line":8,"column":41},"end":{"line":22,"column":1}},"3":{"start":{"line":25,"column":20},"end":{"line":25,"column":31}},"4":{"start":{"line":26,"column":17},"end":{"line":26,"column":44}},"5":{"start":{"line":27,"column":15},"end":{"line":27,"column":34}},"6":{"start":{"line":28,"column":1},"end":{"line":46,"column":2}},"7":{"start":{"line":34,"column":11},"end":{"line":34,"column":91}}},"fnMap":{"0":{"name":"(anonymous_0)","decl":{"start":{"line":7,"column":23},"end":{"line":7,"column":24}},"loc":{"start":{"line":7,"column":42},"end":{"line":48,"column":1}},"line":7},"1":{"name":"(anonymous_1)","decl":{"start":{"line":8,"column":29},"end":{"line":8,"column":30}},"loc":{"start":{"line":8,"column":41},"end":{"line":22,"column":1}},"line":8},"2":{"name":"(anonymous_2)","decl":{"start":{"line":33,"column":20},"end":{"line":33,"column":21}},"loc":{"start":{"line":34,"column":11},"end":{"line":34,"column":91}},"line":34}},"branchMap":{},"s":{"0":1,"1":1,"2":1,"3":1,"4":1,"5":1,"6":1,"7":2},"f":{"0":1,"1":1,"2":2},"b":{},"_coverageSchema":"1a1c01bbd47fc00a2c39e90264f33305004495a9","hash":"1eae577fe2619289c6b3e15162e777101bdc3afa"}
,"/home/saching/Desktop/ClonedBootcamp-GreenCommute/GreenCommute/final/src/components/molecules/DescriptionList/DescriptionList.stories.js": {"path":"/home/saching/Desktop/ClonedBootcamp-GreenCommute/GreenCommute/final/src/components/molecules/DescriptionList/DescriptionList.stories.js","statementMap":{"0":{"start":{"line":9,"column":17},"end":{"line":9,"column":56}},"1":{"start":{"line":9,"column":27},"end":{"line":9,"column":56}},"2":{"start":{"line":11,"column":37},"end":{"line":11,"column":54}},"3":{"start":{"line":14,"column":0},"end":{"line":18,"column":2}}},"fnMap":{"0":{"name":"(anonymous_0)","decl":{"start":{"line":9,"column":17},"end":{"line":9,"column":18}},"loc":{"start":{"line":9,"column":27},"end":{"line":9,"column":56}},"line":9}},"branchMap":{},"s":{"0":0,"1":0,"2":0,"3":0},"f":{"0":0},"b":{}}
,"/home/saching/Desktop/ClonedBootcamp-GreenCommute/GreenCommute/final/src/components/molecules/FilterBox/FilterBox.js": {"path":"/home/saching/Desktop/ClonedBootcamp-GreenCommute/GreenCommute/final/src/components/molecules/FilterBox/FilterBox.js","statementMap":{"0":{"start":{"line":89,"column":15},"end":{"line":100,"column":2}},"1":{"start":{"line":89,"column":27},"end":{"line":100,"column":1}},"2":{"start":{"line":102,"column":18},"end":{"line":148,"column":3}},"3":{"start":{"line":102,"column":41},"end":{"line":148,"column":1}},"4":{"start":{"line":151,"column":34},"end":{"line":251,"column":4}},"5":{"start":{"line":279,"column":21},"end":{"line":288,"column":66}},"6":{"start":{"line":288,"column":16},"end":{"line":288,"column":65}},"7":{"start":{"line":295,"column":20},"end":{"line":313,"column":2}},"8":{"start":{"line":296,"column":50},"end":{"line":296,"column":55}},"9":{"start":{"line":297,"column":25},"end":{"line":297,"column":36}},"10":{"start":{"line":298,"column":1},"end":{"line":312,"column":3}},"11":{"start":{"line":315,"column":22},"end":{"line":320,"column":21}},"12":{"start":{"line":315,"column":45},"end":{"line":320,"column":1}},"13":{"start":{"line":323,"column":25},"end":{"line":323,"column":40}},"14":{"start":{"line":324,"column":25},"end":{"line":324,"column":36}},"15":{"start":{"line":326,"column":25},"end":{"line":328,"column":2}},"16":{"start":{"line":327,"column":2},"end":{"line":327,"column":16}},"17":{"start":{"line":329,"column":21},"end":{"line":332,"column":2}},"18":{"start":{"line":330,"column":2},"end":{"line":330,"column":17}},"19":{"start":{"line":334,"column":30},"end":{"line":334,"column":42}},"20":{"start":{"line":335,"column":19},"end":{"line":351,"column":2}},"21":{"start":{"line":336,"column":11},"end":{"line":336,"column":19}},"22":{"start":{"line":337,"column":2},"end":{"line":347,"column":3}},"23":{"start":{"line":338,"column":2},"end":{"line":338,"column":26}},"24":{"start":{"line":339,"column":2},"end":{"line":339,"column":19}},"25":{"start":{"line":340,"column":2},"end":{"line":340,"column":24}},"26":{"start":{"line":344,"column":3},"end":{"line":344,"column":53}},"27":{"start":{"line":344,"column":30},"end":{"line":344,"column":52}},"28":{"start":{"line":345,"column":3},"end":{"line":345,"column":20}},"29":{"start":{"line":346,"column":3},"end":{"line":346,"column":25}},"30":{"start":{"line":352,"column":1},"end":{"line":355,"column":5}},"31":{"start":{"line":357,"column":23},"end":{"line":359,"column":2}},"32":{"start":{"line":358,"column":2},"end":{"line":358,"column":17}},"33":{"start":{"line":360,"column":27},"end":{"line":363,"column":5}},"34":{"start":{"line":365,"column":24},"end":{"line":367,"column":4}},"35":{"start":{"line":365,"column":34},"end":{"line":367,"column":4}},"36":{"start":{"line":366,"column":2},"end":{"line":366,"column":55}},"37":{"start":{"line":369,"column":1},"end":{"line":575,"column":3}}},"fnMap":{"0":{"name":"(anonymous_0)","decl":{"start":{"line":89,"column":15},"end":{"line":89,"column":16}},"loc":{"start":{"line":89,"column":27},"end":{"line":100,"column":1}},"line":89},"1":{"name":"(anonymous_1)","decl":{"start":{"line":102,"column":29},"end":{"line":102,"column":30}},"loc":{"start":{"line":102,"column":41},"end":{"line":148,"column":1}},"line":102},"2":{"name":"(anonymous_2)","decl":{"start":{"line":288,"column":5},"end":{"line":288,"column":6}},"loc":{"start":{"line":288,"column":16},"end":{"line":288,"column":65}},"line":288},"3":{"name":"(anonymous_3)","decl":{"start":{"line":295,"column":39},"end":{"line":295,"column":40}},"loc":{"start":{"line":295,"column":50},"end":{"line":313,"column":1}},"line":295},"4":{"name":"(anonymous_4)","decl":{"start":{"line":315,"column":33},"end":{"line":315,"column":34}},"loc":{"start":{"line":315,"column":45},"end":{"line":320,"column":1}},"line":315},"5":{"name":"FilterBox","decl":{"start":{"line":322,"column":24},"end":{"line":322,"column":33}},"loc":{"start":{"line":322,"column":36},"end":{"line":576,"column":1}},"line":322},"6":{"name":"(anonymous_6)","decl":{"start":{"line":326,"column":25},"end":{"line":326,"column":26}},"loc":{"start":{"line":326,"column":31},"end":{"line":328,"column":2}},"line":326},"7":{"name":"(anonymous_7)","decl":{"start":{"line":329,"column":21},"end":{"line":329,"column":22}},"loc":{"start":{"line":329,"column":27},"end":{"line":332,"column":2}},"line":329},"8":{"name":"(anonymous_8)","decl":{"start":{"line":335,"column":19},"end":{"line":335,"column":20}},"loc":{"start":{"line":335,"column":24},"end":{"line":351,"column":2}},"line":335},"9":{"name":"(anonymous_9)","decl":{"start":{"line":344,"column":22},"end":{"line":344,"column":23}},"loc":{"start":{"line":344,"column":30},"end":{"line":344,"column":52}},"line":344},"10":{"name":"(anonymous_10)","decl":{"start":{"line":352,"column":11},"end":{"line":352,"column":12}},"loc":{"start":{"line":352,"column":15},"end":{"line":354,"column":4}},"line":352},"11":{"name":"(anonymous_11)","decl":{"start":{"line":357,"column":23},"end":{"line":357,"column":24}},"loc":{"start":{"line":357,"column":29},"end":{"line":359,"column":2}},"line":357},"12":{"name":"(anonymous_12)","decl":{"start":{"line":365,"column":24},"end":{"line":365,"column":25}},"loc":{"start":{"line":365,"column":34},"end":{"line":367,"column":4}},"line":365},"13":{"name":"(anonymous_13)","decl":{"start":{"line":365,"column":34},"end":{"line":365,"column":35}},"loc":{"start":{"line":365,"column":45},"end":{"line":367,"column":4}},"line":365}},"branchMap":{"0":{"loc":{"start":{"line":301,"column":4},"end":{"line":309,"column":11}},"type":"cond-expr","locations":[{"start":{"line":302,"column":4},"end":{"line":308,"column":17}},{"start":{"line":309,"column":7},"end":{"line":309,"column":11}}],"line":301},"1":{"loc":{"start":{"line":337,"column":2},"end":{"line":347,"column":3}},"type":"if","locations":[{"start":{"line":337,"column":2},"end":{"line":347,"column":3}},{"start":{"line":337,"column":2},"end":{"line":347,"column":3}}],"line":337}},"s":{"0":1,"1":0,"2":1,"3":1,"4":1,"5":1,"6":0,"7":1,"8":0,"9":0,"10":0,"11":1,"12":0,"13":2,"14":1,"15":1,"16":0,"17":1,"18":0,"19":1,"20":1,"21":0,"22":0,"23":0,"24":0,"25":0,"26":0,"27":0,"28":0,"29":0,"30":1,"31":1,"32":0,"33":1,"34":1,"35":0,"36":0,"37":1},"f":{"0":0,"1":1,"2":0,"3":0,"4":0,"5":2,"6":0,"7":0,"8":0,"9":0,"10":1,"11":0,"12":0,"13":0},"b":{"0":[0,0],"1":[0,0]},"_coverageSchema":"1a1c01bbd47fc00a2c39e90264f33305004495a9","hash":"a15e87e48226e1a1a7759a6be766c3f0b09ed25e"}
,"/home/saching/Desktop/ClonedBootcamp-GreenCommute/GreenCommute/final/src/components/molecules/FilterBox/FilterBox.stories.js": {"path":"/home/saching/Desktop/ClonedBootcamp-GreenCommute/GreenCommute/final/src/components/molecules/FilterBox/FilterBox.stories.js","statementMap":{"0":{"start":{"line":10,"column":17},"end":{"line":10,"column":50}},"1":{"start":{"line":10,"column":27},"end":{"line":10,"column":50}},"2":{"start":{"line":12,"column":32},"end":{"line":12,"column":49}},"3":{"start":{"line":15,"column":0},"end":{"line":16,"column":2}}},"fnMap":{"0":{"name":"(anonymous_0)","decl":{"start":{"line":10,"column":17},"end":{"line":10,"column":18}},"loc":{"start":{"line":10,"column":27},"end":{"line":10,"column":50}},"line":10}},"branchMap":{},"s":{"0":0,"1":0,"2":0,"3":0},"f":{"0":0},"b":{}}
,"/home/saching/Desktop/ClonedBootcamp-GreenCommute/GreenCommute/final/src/components/molecules/FilterOptions/FilterOptions.js": {"path":"/home/saching/Desktop/ClonedBootcamp-GreenCommute/GreenCommute/final/src/components/molecules/FilterOptions/FilterOptions.js","statementMap":{"0":{"start":{"line":17,"column":20},"end":{"line":88,"column":3}},"1":{"start":{"line":17,"column":43},"end":{"line":88,"column":1}},"2":{"start":{"line":89,"column":24},"end":{"line":89,"column":38}},"3":{"start":{"line":90,"column":20},"end":{"line":95,"column":1}},"4":{"start":{"line":93,"column":2},"end":{"line":93,"column":17}},"5":{"start":{"line":96,"column":25},"end":{"line":96,"column":43}},"6":{"start":{"line":97,"column":17},"end":{"line":109,"column":1}},"7":{"start":{"line":105,"column":2},"end":{"line":105,"column":16}},"8":{"start":{"line":106,"column":2},"end":{"line":106,"column":22}},"9":{"start":{"line":107,"column":3},"end":{"line":107,"column":23}},"10":{"start":{"line":111,"column":18},"end":{"line":120,"column":1}},"11":{"start":{"line":112,"column":11},"end":{"line":112,"column":17}},"12":{"start":{"line":114,"column":2},"end":{"line":114,"column":72}},"13":{"start":{"line":114,"column":29},"end":{"line":114,"column":70}},"14":{"start":{"line":116,"column":2},"end":{"line":116,"column":20}},"15":{"start":{"line":117,"column":2},"end":{"line":117,"column":18}},"16":{"start":{"line":118,"column":3},"end":{"line":118,"column":23}},"17":{"start":{"line":121,"column":0},"end":{"line":124,"column":4}},"18":{"start":{"line":122,"column":0},"end":{"line":122,"column":20}},"19":{"start":{"line":125,"column":16},"end":{"line":125,"column":27}},"20":{"start":{"line":126,"column":10},"end":{"line":126,"column":25}},"21":{"start":{"line":127,"column":4},"end":{"line":170,"column":5}},"22":{"start":{"line":135,"column":0},"end":{"line":147,"column":19}},"23":{"start":{"line":143,"column":48},"end":{"line":143,"column":65}}},"fnMap":{"0":{"name":"FilterOptions","decl":{"start":{"line":16,"column":25},"end":{"line":16,"column":38}},"loc":{"start":{"line":16,"column":52},"end":{"line":172,"column":4}},"line":16},"1":{"name":"(anonymous_1)","decl":{"start":{"line":17,"column":31},"end":{"line":17,"column":32}},"loc":{"start":{"line":17,"column":43},"end":{"line":88,"column":1}},"line":17},"2":{"name":"(anonymous_2)","decl":{"start":{"line":90,"column":20},"end":{"line":90,"column":21}},"loc":{"start":{"line":90,"column":26},"end":{"line":95,"column":1}},"line":90},"3":{"name":"(anonymous_3)","decl":{"start":{"line":97,"column":17},"end":{"line":97,"column":18}},"loc":{"start":{"line":97,"column":21},"end":{"line":109,"column":1}},"line":97},"4":{"name":"(anonymous_4)","decl":{"start":{"line":111,"column":18},"end":{"line":111,"column":19}},"loc":{"start":{"line":111,"column":23},"end":{"line":120,"column":1}},"line":111},"5":{"name":"(anonymous_5)","decl":{"start":{"line":114,"column":21},"end":{"line":114,"column":22}},"loc":{"start":{"line":114,"column":29},"end":{"line":114,"column":70}},"line":114},"6":{"name":"(anonymous_6)","decl":{"start":{"line":121,"column":10},"end":{"line":121,"column":11}},"loc":{"start":{"line":121,"column":14},"end":{"line":123,"column":3}},"line":121},"7":{"name":"(anonymous_7)","decl":{"start":{"line":133,"column":23},"end":{"line":133,"column":24}},"loc":{"start":{"line":135,"column":0},"end":{"line":147,"column":19}},"line":135},"8":{"name":"(anonymous_8)","decl":{"start":{"line":143,"column":44},"end":{"line":143,"column":45}},"loc":{"start":{"line":143,"column":48},"end":{"line":143,"column":65}},"line":143}},"branchMap":{"0":{"loc":{"start":{"line":156,"column":4},"end":{"line":157,"column":7}},"type":"binary-expr","locations":[{"start":{"line":156,"column":4},"end":{"line":156,"column":12}},{"start":{"line":156,"column":16},"end":{"line":157,"column":7}}],"line":156}},"s":{"0":2,"1":2,"2":2,"3":2,"4":0,"5":2,"6":2,"7":0,"8":0,"9":0,"10":2,"11":0,"12":0,"13":0,"14":0,"15":0,"16":0,"17":2,"18":2,"19":2,"20":2,"21":2,"22":1,"23":0},"f":{"0":2,"1":2,"2":0,"3":0,"4":0,"5":0,"6":2,"7":1,"8":0},"b":{"0":[2,1]},"_coverageSchema":"1a1c01bbd47fc00a2c39e90264f33305004495a9","hash":"ce034c7fa251179a7eb4220dc46ac15c8ee83264"}
,"/home/saching/Desktop/ClonedBootcamp-GreenCommute/GreenCommute/final/src/components/molecules/JobCard/JobCard.js": {"path":"/home/saching/Desktop/ClonedBootcamp-GreenCommute/GreenCommute/final/src/components/molecules/JobCard/JobCard.js","statementMap":{"0":{"start":{"line":24,"column":18},"end":{"line":113,"column":2}},"1":{"start":{"line":122,"column":14},"end":{"line":122,"column":22}},"2":{"start":{"line":123,"column":18},"end":{"line":123,"column":30}},"3":{"start":{"line":124,"column":21},"end":{"line":124,"column":36}},"4":{"start":{"line":125,"column":18},"end":{"line":125,"column":30}},"5":{"start":{"line":126,"column":17},"end":{"line":126,"column":28}},"6":{"start":{"line":127,"column":15},"end":{"line":127,"column":128}},"7":{"start":{"line":128,"column":18},"end":{"line":128,"column":31}},"8":{"start":{"line":131,"column":2},"end":{"line":182,"column":4}},"9":{"start":{"line":134,"column":102},"end":{"line":134,"column":152}},"10":{"start":{"line":173,"column":10},"end":{"line":173,"column":63}}},"fnMap":{"0":{"name":"JobCard","decl":{"start":{"line":115,"column":24},"end":{"line":115,"column":31}},"loc":{"start":{"line":121,"column":3},"end":{"line":183,"column":3}},"line":121},"1":{"name":"(anonymous_1)","decl":{"start":{"line":134,"column":95},"end":{"line":134,"column":96}},"loc":{"start":{"line":134,"column":101},"end":{"line":134,"column":153}},"line":134},"2":{"name":"(anonymous_2)","decl":{"start":{"line":172,"column":56},"end":{"line":172,"column":57}},"loc":{"start":{"line":173,"column":10},"end":{"line":173,"column":63}},"line":173}},"branchMap":{"0":{"loc":{"start":{"line":172,"column":37},"end":{"line":174,"column":38}},"type":"binary-expr","locations":[{"start":{"line":172,"column":37},"end":{"line":172,"column":42}},{"start":{"line":172,"column":46},"end":{"line":174,"column":38}}],"line":172}},"s":{"0":1,"1":2,"2":2,"3":2,"4":2,"5":2,"6":2,"7":2,"8":0,"9":0,"10":0},"f":{"0":2,"1":0,"2":0},"b":{"0":[0,0]},"_coverageSchema":"1a1c01bbd47fc00a2c39e90264f33305004495a9","hash":"c94f0cf0ef6d2b52985a1110a2f1ec9a8b1c11ed"}
,"/home/saching/Desktop/ClonedBootcamp-GreenCommute/GreenCommute/final/src/components/molecules/JobCard/JobCard.stories.js": {"path":"/home/saching/Desktop/ClonedBootcamp-GreenCommute/GreenCommute/final/src/components/molecules/JobCard/JobCard.stories.js","statementMap":{"0":{"start":{"line":15,"column":17},"end":{"line":15,"column":48}},"1":{"start":{"line":15,"column":27},"end":{"line":15,"column":48}},"2":{"start":{"line":17,"column":30},"end":{"line":17,"column":47}},"3":{"start":{"line":20,"column":0},"end":{"line":28,"column":2}}},"fnMap":{"0":{"name":"(anonymous_0)","decl":{"start":{"line":15,"column":17},"end":{"line":15,"column":18}},"loc":{"start":{"line":15,"column":27},"end":{"line":15,"column":48}},"line":15}},"branchMap":{},"s":{"0":0,"1":0,"2":0,"3":0},"f":{"0":0},"b":{}}
,"/home/saching/Desktop/ClonedBootcamp-GreenCommute/GreenCommute/final/src/components/molecules/JobCardInfo/JobCardInfo.js": {"path":"/home/saching/Desktop/ClonedBootcamp-GreenCommute/GreenCommute/final/src/components/molecules/JobCardInfo/JobCardInfo.js","statementMap":{"0":{"start":{"line":9,"column":20},"end":{"line":59,"column":1}},"1":{"start":{"line":11,"column":20},"end":{"line":41,"column":3}},"2":{"start":{"line":11,"column":43},"end":{"line":41,"column":1}},"3":{"start":{"line":43,"column":16},"end":{"line":43,"column":27}},"4":{"start":{"line":45,"column":2},"end":{"line":58,"column":4}}},"fnMap":{"0":{"name":"(anonymous_0)","decl":{"start":{"line":9,"column":20},"end":{"line":9,"column":21}},"loc":{"start":{"line":9,"column":84},"end":{"line":59,"column":1}},"line":9},"1":{"name":"(anonymous_1)","decl":{"start":{"line":11,"column":31},"end":{"line":11,"column":32}},"loc":{"start":{"line":11,"column":43},"end":{"line":41,"column":1}},"line":11}},"branchMap":{},"s":{"0":1,"1":1,"2":1,"3":1,"4":1},"f":{"0":1,"1":1},"b":{},"_coverageSchema":"1a1c01bbd47fc00a2c39e90264f33305004495a9","hash":"e013830d8aa1e47cbe2fe0af23ee822866d8220d"}
,"/home/saching/Desktop/ClonedBootcamp-GreenCommute/GreenCommute/final/src/components/molecules/JobCardInfo/JobCardInfo.stories.js": {"path":"/home/saching/Desktop/ClonedBootcamp-GreenCommute/GreenCommute/final/src/components/molecules/JobCardInfo/JobCardInfo.stories.js","statementMap":{"0":{"start":{"line":9,"column":17},"end":{"line":9,"column":52}},"1":{"start":{"line":9,"column":27},"end":{"line":9,"column":52}},"2":{"start":{"line":11,"column":34},"end":{"line":11,"column":51}},"3":{"start":{"line":14,"column":0},"end":{"line":19,"column":2}}},"fnMap":{"0":{"name":"(anonymous_0)","decl":{"start":{"line":9,"column":17},"end":{"line":9,"column":18}},"loc":{"start":{"line":9,"column":27},"end":{"line":9,"column":52}},"line":9}},"branchMap":{},"s":{"0":0,"1":0,"2":0,"3":0},"f":{"0":0},"b":{}}
,"/home/saching/Desktop/ClonedBootcamp-GreenCommute/GreenCommute/final/src/components/molecules/JobCardsmall/JobCardSmall.js": {"path":"/home/saching/Desktop/ClonedBootcamp-GreenCommute/GreenCommute/final/src/components/molecules/JobCardsmall/JobCardSmall.js","statementMap":{"0":{"start":{"line":20,"column":18},"end":{"line":110,"column":2}},"1":{"start":{"line":118,"column":17},"end":{"line":118,"column":28}},"2":{"start":{"line":119,"column":15},"end":{"line":119,"column":70}},"3":{"start":{"line":120,"column":2},"end":{"line":167,"column":4}},"4":{"start":{"line":157,"column":10},"end":{"line":157,"column":101}}},"fnMap":{"0":{"name":"JobCard","decl":{"start":{"line":112,"column":24},"end":{"line":112,"column":31}},"loc":{"start":{"line":117,"column":3},"end":{"line":168,"column":2}},"line":117},"1":{"name":"(anonymous_1)","decl":{"start":{"line":156,"column":56},"end":{"line":156,"column":57}},"loc":{"start":{"line":157,"column":10},"end":{"line":157,"column":101}},"line":157}},"branchMap":{"0":{"loc":{"start":{"line":156,"column":37},"end":{"line":158,"column":38}},"type":"binary-expr","locations":[{"start":{"line":156,"column":37},"end":{"line":156,"column":42}},{"start":{"line":156,"column":46},"end":{"line":158,"column":38}}],"line":156}},"s":{"0":0,"1":0,"2":0,"3":0,"4":0},"f":{"0":0,"1":0},"b":{"0":[0,0]}}
,"/home/saching/Desktop/ClonedBootcamp-GreenCommute/GreenCommute/final/src/components/molecules/JobCardsmall/JobCardSmall.stories.js": {"path":"/home/saching/Desktop/ClonedBootcamp-GreenCommute/GreenCommute/final/src/components/molecules/JobCardsmall/JobCardSmall.stories.js","statementMap":{"0":{"start":{"line":15,"column":17},"end":{"line":15,"column":53}},"1":{"start":{"line":15,"column":27},"end":{"line":15,"column":53}},"2":{"start":{"line":17,"column":35},"end":{"line":17,"column":52}},"3":{"start":{"line":20,"column":0},"end":{"line":26,"column":2}}},"fnMap":{"0":{"name":"(anonymous_0)","decl":{"start":{"line":15,"column":17},"end":{"line":15,"column":18}},"loc":{"start":{"line":15,"column":27},"end":{"line":15,"column":53}},"line":15}},"branchMap":{},"s":{"0":0,"1":0,"2":0,"3":0},"f":{"0":0},"b":{}}
,"/home/saching/Desktop/ClonedBootcamp-GreenCommute/GreenCommute/final/src/components/molecules/LocationListItem/LocationListItem.js": {"path":"/home/saching/Desktop/ClonedBootcamp-GreenCommute/GreenCommute/final/src/components/molecules/LocationListItem/LocationListItem.js","statementMap":{"0":{"start":{"line":17,"column":18},"end":{"line":32,"column":3}},"1":{"start":{"line":17,"column":41},"end":{"line":32,"column":1}},"2":{"start":{"line":38,"column":16},"end":{"line":38,"column":27}},"3":{"start":{"line":40,"column":2},"end":{"line":52,"column":4}}},"fnMap":{"0":{"name":"(anonymous_0)","decl":{"start":{"line":17,"column":29},"end":{"line":17,"column":30}},"loc":{"start":{"line":17,"column":41},"end":{"line":32,"column":1}},"line":17},"1":{"name":"LocationListItem","decl":{"start":{"line":35,"column":24},"end":{"line":35,"column":40}},"loc":{"start":{"line":35,"column":58},"end":{"line":53,"column":1}},"line":35}},"branchMap":{},"s":{"0":2,"1":1,"2":1,"3":1},"f":{"0":1,"1":1},"b":{},"_coverageSchema":"1a1c01bbd47fc00a2c39e90264f33305004495a9","hash":"4d3827393e51687ca8cae8315284fc29fea5b3a8"}
,"/home/saching/Desktop/ClonedBootcamp-GreenCommute/GreenCommute/final/src/components/molecules/LocationListItem/LocationListItem.stories.js": {"path":"/home/saching/Desktop/ClonedBootcamp-GreenCommute/GreenCommute/final/src/components/molecules/LocationListItem/LocationListItem.stories.js","statementMap":{"0":{"start":{"line":9,"column":17},"end":{"line":9,"column":57}},"1":{"start":{"line":9,"column":27},"end":{"line":9,"column":57}},"2":{"start":{"line":11,"column":31},"end":{"line":11,"column":48}},"3":{"start":{"line":14,"column":0},"end":{"line":16,"column":2}}},"fnMap":{"0":{"name":"(anonymous_0)","decl":{"start":{"line":9,"column":17},"end":{"line":9,"column":18}},"loc":{"start":{"line":9,"column":27},"end":{"line":9,"column":57}},"line":9}},"branchMap":{},"s":{"0":0,"1":0,"2":0,"3":0},"f":{"0":0},"b":{}}
,"/home/saching/Desktop/ClonedBootcamp-GreenCommute/GreenCommute/final/src/components/molecules/MapCardInfo/MapCardInfo.js": {"path":"/home/saching/Desktop/ClonedBootcamp-GreenCommute/GreenCommute/final/src/components/molecules/MapCardInfo/MapCardInfo.js","statementMap":{"0":{"start":{"line":16,"column":18},"end":{"line":110,"column":3}},"1":{"start":{"line":16,"column":41},"end":{"line":110,"column":1}},"2":{"start":{"line":116,"column":20},"end":{"line":116,"column":31}},"3":{"start":{"line":118,"column":2},"end":{"line":148,"column":4}}},"fnMap":{"0":{"name":"(anonymous_0)","decl":{"start":{"line":16,"column":29},"end":{"line":16,"column":30}},"loc":{"start":{"line":16,"column":41},"end":{"line":110,"column":1}},"line":16},"1":{"name":"JobCardInfo","decl":{"start":{"line":112,"column":24},"end":{"line":112,"column":35}},"loc":{"start":{"line":112,"column":84},"end":{"line":149,"column":1}},"line":112}},"branchMap":{},"s":{"0":1,"1":1,"2":1,"3":1},"f":{"0":1,"1":1},"b":{},"_coverageSchema":"1a1c01bbd47fc00a2c39e90264f33305004495a9","hash":"6cb49cd06dcf55932c59f18fcb50ba98a6c33b93"}
,"/home/saching/Desktop/ClonedBootcamp-GreenCommute/GreenCommute/final/src/components/molecules/MapCardInfo/MapCardInfo.stories.js": {"path":"/home/saching/Desktop/ClonedBootcamp-GreenCommute/GreenCommute/final/src/components/molecules/MapCardInfo/MapCardInfo.stories.js","statementMap":{"0":{"start":{"line":9,"column":17},"end":{"line":9,"column":52}},"1":{"start":{"line":9,"column":27},"end":{"line":9,"column":52}},"2":{"start":{"line":11,"column":34},"end":{"line":11,"column":51}},"3":{"start":{"line":14,"column":0},"end":{"line":18,"column":2}}},"fnMap":{"0":{"name":"(anonymous_0)","decl":{"start":{"line":9,"column":17},"end":{"line":9,"column":18}},"loc":{"start":{"line":9,"column":27},"end":{"line":9,"column":52}},"line":9}},"branchMap":{},"s":{"0":0,"1":0,"2":0,"3":0},"f":{"0":0},"b":{}}
,"/home/saching/Desktop/ClonedBootcamp-GreenCommute/GreenCommute/final/src/components/molecules/MyListItem/MyListItem.js": {"path":"/home/saching/Desktop/ClonedBootcamp-GreenCommute/GreenCommute/final/src/components/molecules/MyListItem/MyListItem.js","statementMap":{"0":{"start":{"line":11,"column":18},"end":{"line":35,"column":3}},"1":{"start":{"line":11,"column":41},"end":{"line":35,"column":1}},"2":{"start":{"line":39,"column":18},"end":{"line":39,"column":29}},"3":{"start":{"line":40,"column":2},"end":{"line":51,"column":4}}},"fnMap":{"0":{"name":"(anonymous_0)","decl":{"start":{"line":11,"column":29},"end":{"line":11,"column":30}},"loc":{"start":{"line":11,"column":41},"end":{"line":35,"column":1}},"line":11},"1":{"name":"MyListItem","decl":{"start":{"line":38,"column":24},"end":{"line":38,"column":34}},"loc":{"start":{"line":38,"column":41},"end":{"line":52,"column":1}},"line":38}},"branchMap":{},"s":{"0":1,"1":1,"2":1,"3":1},"f":{"0":1,"1":1},"b":{},"_coverageSchema":"1a1c01bbd47fc00a2c39e90264f33305004495a9","hash":"04efa3d067d2dc113248bd17bf684828a678643a"}
,"/home/saching/Desktop/ClonedBootcamp-GreenCommute/GreenCommute/final/src/components/molecules/MyListItem/MyListItem.stories.js": {"path":"/home/saching/Desktop/ClonedBootcamp-GreenCommute/GreenCommute/final/src/components/molecules/MyListItem/MyListItem.stories.js","statementMap":{"0":{"start":{"line":11,"column":17},"end":{"line":11,"column":51}},"1":{"start":{"line":11,"column":27},"end":{"line":11,"column":51}},"2":{"start":{"line":13,"column":31},"end":{"line":13,"column":48}}},"fnMap":{"0":{"name":"(anonymous_0)","decl":{"start":{"line":11,"column":17},"end":{"line":11,"column":18}},"loc":{"start":{"line":11,"column":27},"end":{"line":11,"column":51}},"line":11}},"branchMap":{},"s":{"0":0,"1":0,"2":0},"f":{"0":0},"b":{}}
,"/home/saching/Desktop/ClonedBootcamp-GreenCommute/GreenCommute/final/src/components/molecules/ProfileItem/ProfileItem.js": {"path":"/home/saching/Desktop/ClonedBootcamp-GreenCommute/GreenCommute/final/src/components/molecules/ProfileItem/ProfileItem.js","statementMap":{"0":{"start":{"line":22,"column":22},"end":{"line":49,"column":7}},"1":{"start":{"line":22,"column":45},"end":{"line":49,"column":5}},"2":{"start":{"line":51,"column":20},"end":{"line":51,"column":31}},"3":{"start":{"line":53,"column":36},"end":{"line":53,"column":56}},"4":{"start":{"line":54,"column":15},"end":{"line":54,"column":32}},"5":{"start":{"line":56,"column":22},"end":{"line":58,"column":3}},"6":{"start":{"line":57,"column":4},"end":{"line":57,"column":37}},"7":{"start":{"line":60,"column":22},"end":{"line":62,"column":3}},"8":{"start":{"line":61,"column":4},"end":{"line":61,"column":22}},"9":{"start":{"line":66,"column":4},"end":{"line":115,"column":6}}},"fnMap":{"0":{"name":"ProfileItem","decl":{"start":{"line":20,"column":24},"end":{"line":20,"column":35}},"loc":{"start":{"line":20,"column":37},"end":{"line":116,"column":1}},"line":20},"1":{"name":"(anonymous_1)","decl":{"start":{"line":22,"column":33},"end":{"line":22,"column":34}},"loc":{"start":{"line":22,"column":45},"end":{"line":49,"column":5}},"line":22},"2":{"name":"(anonymous_2)","decl":{"start":{"line":56,"column":22},"end":{"line":56,"column":23}},"loc":{"start":{"line":56,"column":33},"end":{"line":58,"column":3}},"line":56},"3":{"name":"(anonymous_3)","decl":{"start":{"line":60,"column":22},"end":{"line":60,"column":23}},"loc":{"start":{"line":60,"column":28},"end":{"line":62,"column":3}},"line":60}},"branchMap":{},"s":{"0":1,"1":1,"2":1,"3":1,"4":1,"5":1,"6":0,"7":1,"8":0,"9":1},"f":{"0":1,"1":1,"2":0,"3":0},"b":{},"_coverageSchema":"1a1c01bbd47fc00a2c39e90264f33305004495a9","hash":"d7ed08dc90c6d02419e3ccf6a4280452a6b043eb"}
,"/home/saching/Desktop/ClonedBootcamp-GreenCommute/GreenCommute/final/src/components/molecules/ProfileItem/ProfileItem.stories.js": {"path":"/home/saching/Desktop/ClonedBootcamp-GreenCommute/GreenCommute/final/src/components/molecules/ProfileItem/ProfileItem.stories.js","statementMap":{"0":{"start":{"line":10,"column":17},"end":{"line":10,"column":52}},"1":{"start":{"line":10,"column":27},"end":{"line":10,"column":52}},"2":{"start":{"line":12,"column":37},"end":{"line":12,"column":54}},"3":{"start":{"line":15,"column":0},"end":{"line":17,"column":2}}},"fnMap":{"0":{"name":"(anonymous_0)","decl":{"start":{"line":10,"column":17},"end":{"line":10,"column":18}},"loc":{"start":{"line":10,"column":27},"end":{"line":10,"column":52}},"line":10}},"branchMap":{},"s":{"0":0,"1":0,"2":0,"3":0},"f":{"0":0},"b":{}}
,"/home/saching/Desktop/ClonedBootcamp-GreenCommute/GreenCommute/final/src/components/molecules/TextField/TextField.js": {"path":"/home/saching/Desktop/ClonedBootcamp-GreenCommute/GreenCommute/final/src/components/molecules/TextField/TextField.js","statementMap":{"0":{"start":{"line":15,"column":14},"end":{"line":19,"column":1}},"1":{"start":{"line":21,"column":21},"end":{"line":66,"column":1}},"2":{"start":{"line":110,"column":18},"end":{"line":159,"column":2}},"3":{"start":{"line":162,"column":16},"end":{"line":207,"column":1}},"4":{"start":{"line":210,"column":18},"end":{"line":210,"column":29}},"5":{"start":{"line":212,"column":14},"end":{"line":253,"column":3}},"6":{"start":{"line":213,"column":4},"end":{"line":218,"column":10}},"7":{"start":{"line":254,"column":19},"end":{"line":254,"column":20}},"8":{"start":{"line":266,"column":6},"end":{"line":272,"column":4}},"9":{"start":{"line":271,"column":32},"end":{"line":271,"column":44}},"10":{"start":{"line":273,"column":0},"end":{"line":273,"column":26}},"11":{"start":{"line":274,"column":0},"end":{"line":274,"column":19}},"12":{"start":{"line":275,"column":2},"end":{"line":325,"column":4}},"13":{"start":{"line":291,"column":14},"end":{"line":291,"column":70}},"14":{"start":{"line":300,"column":14},"end":{"line":303,"column":19}},"15":{"start":{"line":329,"column":20},"end":{"line":332,"column":1}}},"fnMap":{"0":{"name":"CustomizedHook","decl":{"start":{"line":209,"column":24},"end":{"line":209,"column":38}},"loc":{"start":{"line":209,"column":41},"end":{"line":326,"column":1}},"line":209},"1":{"name":"(anonymous_1)","decl":{"start":{"line":212,"column":21},"end":{"line":212,"column":22}},"loc":{"start":{"line":213,"column":4},"end":{"line":218,"column":10}},"line":213},"2":{"name":"(anonymous_2)","decl":{"start":{"line":271,"column":20},"end":{"line":271,"column":21}},"loc":{"start":{"line":271,"column":32},"end":{"line":271,"column":44}},"line":271},"3":{"name":"(anonymous_3)","decl":{"start":{"line":290,"column":23},"end":{"line":290,"column":24}},"loc":{"start":{"line":291,"column":14},"end":{"line":291,"column":70}},"line":291},"4":{"name":"(anonymous_4)","decl":{"start":{"line":299,"column":32},"end":{"line":299,"column":33}},"loc":{"start":{"line":300,"column":14},"end":{"line":303,"column":19}},"line":300}},"branchMap":{"0":{"loc":{"start":{"line":286,"column":53},"end":{"line":286,"column":77}},"type":"cond-expr","locations":[{"start":{"line":286,"column":63},"end":{"line":286,"column":72}},{"start":{"line":286,"column":75},"end":{"line":286,"column":77}}],"line":286},"1":{"loc":{"start":{"line":297,"column":9},"end":{"line":306,"column":16}},"type":"cond-expr","locations":[{"start":{"line":298,"column":10},"end":{"line":305,"column":20}},{"start":{"line":306,"column":12},"end":{"line":306,"column":16}}],"line":297},"2":{"loc":{"start":{"line":297,"column":9},"end":{"line":297,"column":52}},"type":"binary-expr","locations":[{"start":{"line":297,"column":9},"end":{"line":297,"column":23}},{"start":{"line":297,"column":27},"end":{"line":297,"column":52}}],"line":297}},"s":{"0":1,"1":1,"2":1,"3":1,"4":6,"5":6,"6":0,"7":6,"8":6,"9":0,"10":6,"11":6,"12":6,"13":0,"14":0,"15":1},"f":{"0":6,"1":0,"2":0,"3":0,"4":0},"b":{"0":[0,6],"1":[0,6],"2":[6,6]},"_coverageSchema":"1a1c01bbd47fc00a2c39e90264f33305004495a9","hash":"b808a3174ba29743c3657ef05f9c5e1b46fcabc1"}
[...]
,"/home/saching/Desktop/ClonedBootcamp-GreenCommute/GreenCommute/final/src/components/molecules/select field/select.stories.js": {"path":"/home/saching/Desktop/ClonedBootcamp-GreenCommute/GreenCommute/final/src/components/molecules/select field/select.stories.js","statementMap":{"0":{"start":{"line":9,"column":17},"end":{"line":9,"column":54}},"1":{"start":{"line":9,"column":27},"end":{"line":9,"column":54}},"2":{"start":{"line":10,"column":23},"end":{"line":10,"column":40}}},"fnMap":{"0":{"name":"(anonymous_0)","decl":{"start":{"line":9,"column":17},"end":{"line":9,"column":18}},"loc":{"start":{"line":9,"column":27},"end":{"line":9,"column":54}},"line":9}},"branchMap":{},"s":{"0":0,"1":0,"2":0},"f":{"0":0},"b":{}}
,"/home/saching/Desktop/ClonedBootcamp-GreenCommute/GreenCommute/final/src/components/molecules/stepper/CustomStepper.js": {"path":"/home/saching/Desktop/ClonedBootcamp-GreenCommute/GreenCommute/final/src/components/molecules/stepper/CustomStepper.js","statementMap":{"0":{"start":{"line":17,"column":23},"end":{"line":33,"column":19}},"1":{"start":{"line":35,"column":18},"end":{"line":77,"column":5}},"2":{"start":{"line":35,"column":41},"end":{"line":77,"column":3}},"3":{"start":{"line":80,"column":20},"end":{"line":80,"column":31}},"4":{"start":{"line":81,"column":40},"end":{"line":81,"column":57}},"5":{"start":{"line":82,"column":34},"end":{"line":82,"column":59}},"6":{"start":{"line":83,"column":3},"end":{"line":83,"column":27}},"7":{"start":{"line":85,"column":18},"end":{"line":85,"column":29}},"8":{"start":{"line":87,"column":27},"end":{"line":89,"column":5}},"9":{"start":{"line":88,"column":6},"end":{"line":88,"column":24}},"10":{"start":{"line":91,"column":26},"end":{"line":93,"column":5}},"11":{"start":{"line":92,"column":6},"end":{"line":92,"column":31}},"12":{"start":{"line":95,"column":23},"end":{"line":104,"column":5}},"13":{"start":{"line":96,"column":23},"end":{"line":96,"column":30}},"14":{"start":{"line":97,"column":6},"end":{"line":100,"column":7}},"15":{"start":{"line":98,"column":8},"end":{"line":98,"column":50}},"16":{"start":{"line":99,"column":8},"end":{"line":99,"column":38}},"17":{"start":{"line":102,"column":6},"end":{"line":102,"column":60}},"18":{"start":{"line":102,"column":40},"end":{"line":102,"column":58}},"19":{"start":{"line":103,"column":6},"end":{"line":103,"column":29}},"20":{"start":{"line":106,"column":23},"end":{"line":108,"column":5}},"21":{"start":{"line":107,"column":6},"end":{"line":107,"column":60}},"22":{"start":{"line":107,"column":40},"end":{"line":107,"column":58}},"23":{"start":{"line":110,"column":23},"end":{"line":123,"column":5}},"24":{"start":{"line":111,"column":6},"end":{"line":115,"column":7}},"25":{"start":{"line":114,"column":8},"end":{"line":114,"column":70}},"26":{"start":{"line":117,"column":6},"end":{"line":117,"column":60}},"27":{"start":{"line":117,"column":40},"end":{"line":117,"column":58}},"28":{"start":{"line":118,"column":6},"end":{"line":122,"column":9}},"29":{"start":{"line":119,"column":27},"end":{"line":119,"column":56}},"30":{"start":{"line":120,"column":8},"end":{"line":120,"column":35}},"31":{"start":{"line":121,"column":8},"end":{"line":121,"column":26}},"32":{"start":{"line":125,"column":24},"end":{"line":127,"column":5}},"33":{"start":{"line":126,"column":6},"end":{"line":126,"column":23}},"34":{"start":{"line":128,"column":53},"end":{"line":128,"column":71}},"35":{"start":{"line":129,"column":46},"end":{"line":132,"column":3}},"36":{"start":{"line":131,"column":6},"end":{"line":131,"column":34}},"37":{"start":{"line":133,"column":4},"end":{"line":222,"column":6}},"38":{"start":{"line":138,"column":34},"end":{"line":138,"column":36}},"39":{"start":{"line":139,"column":35},"end":{"line":139,"column":37}},"40":{"start":{"line":141,"column":16},"end":{"line":143,"column":17}},"41":{"start":{"line":142,"column":16},"end":{"line":142,"column":44}},"42":{"start":{"line":144,"column":16},"end":{"line":149,"column":18}},"43":{"start":{"line":166,"column":12},"end":{"line":166,"column":30}},"44":{"start":{"line":167,"column":12},"end":{"line":167,"column":24}},"45":{"start":{"line":177,"column":12},"end":{"line":177,"column":30}},"46":{"start":{"line":178,"column":12},"end":{"line":178,"column":24}}},"fnMap":{"0":{"name":"(anonymous_0)","decl":{"start":{"line":35,"column":29},"end":{"line":35,"column":30}},"loc":{"start":{"line":35,"column":41},"end":{"line":77,"column":3}},"line":35},"1":{"name":"HorizontalLinearStepper","decl":{"start":{"line":79,"column":24},"end":{"line":79,"column":47}},"loc":{"start":{"line":79,"column":55},"end":{"line":223,"column":3}},"line":79},"2":{"name":"(anonymous_2)","decl":{"start":{"line":87,"column":27},"end":{"line":87,"column":28}},"loc":{"start":{"line":87,"column":37},"end":{"line":89,"column":5}},"line":87},"3":{"name":"(anonymous_3)","decl":{"start":{"line":91,"column":26},"end":{"line":91,"column":27}},"loc":{"start":{"line":91,"column":36},"end":{"line":93,"column":5}},"line":91},"4":{"name":"(anonymous_4)","decl":{"start":{"line":95,"column":23},"end":{"line":95,"column":24}},"loc":{"start":{"line":95,"column":29},"end":{"line":104,"column":5}},"line":95},"5":{"name":"(anonymous_5)","decl":{"start":{"line":102,"column":20},"end":{"line":102,"column":21}},"loc":{"start":{"line":102,"column":40},"end":{"line":102,"column":58}},"line":102},"6":{"name":"(anonymous_6)","decl":{"start":{"line":106,"column":23},"end":{"line":106,"column":24}},"loc":{"start":{"line":106,"column":29},"end":{"line":108,"column":5}},"line":106},"7":{"name":"(anonymous_7)","decl":{"start":{"line":107,"column":20},"end":{"line":107,"column":21}},"loc":{"start":{"line":107,"column":40},"end":{"line":107,"column":58}},"line":107},"8":{"name":"(anonymous_8)","decl":{"start":{"line":110,"column":23},"end":{"line":110,"column":24}},"loc":{"start":{"line":110,"column":29},"end":{"line":123,"column":5}},"line":110},"9":{"name":"(anonymous_9)","decl":{"start":{"line":117,"column":20},"end":{"line":117,"column":21}},"loc":{"start":{"line":117,"column":40},"end":{"line":117,"column":58}},"line":117},"10":{"name":"(anonymous_10)","decl":{"start":{"line":118,"column":17},"end":{"line":118,"column":18}},"loc":{"start":{"line":118,"column":34},"end":{"line":122,"column":7}},"line":118},"11":{"name":"(anonymous_11)","decl":{"start":{"line":125,"column":24},"end":{"line":125,"column":25}},"loc":{"start":{"line":125,"column":30},"end":{"line":127,"column":5}},"line":125},"12":{"name":"(anonymous_12)","decl":{"start":{"line":129,"column":46},"end":{"line":129,"column":47}},"loc":{"start":{"line":129,"column":58},"end":{"line":132,"column":3}},"line":129},"13":{"name":"(anonymous_13)","decl":{"start":{"line":137,"column":23},"end":{"line":137,"column":24}},"loc":{"start":{"line":137,"column":41},"end":{"line":150,"column":13}},"line":137},"14":{"name":"(anonymous_14)","decl":{"start":{"line":165,"column":43},"end":{"line":165,"column":44}},"loc":{"start":{"line":165,"column":47},"end":{"line":167,"column":25}},"line":165},"15":{"name":"(anonymous_15)","decl":{"start":{"line":176,"column":35},"end":{"line":176,"column":36}},"loc":{"start":{"line":176,"column":39},"end":{"line":178,"column":25}},"line":176}},"branchMap":{"0":{"loc":{"start":{"line":97,"column":6},"end":{"line":100,"column":7}},"type":"if","locations":[{"start":{"line":97,"column":6},"end":{"line":100,"column":7}},{"start":{"line":97,"column":6},"end":{"line":100,"column":7}}],"line":97},"1":{"loc":{"start":{"line":111,"column":6},"end":{"line":115,"column":7}},"type":"if","locations":[{"start":{"line":111,"column":6},"end":{"line":115,"column":7}},{"start":{"line":111,"column":6},"end":{"line":115,"column":7}}],"line":111},"2":{"loc":{"start":{"line":141,"column":16},"end":{"line":143,"column":17}},"type":"if","locations":[{"start":{"line":141,"column":16},"end":{"line":143,"column":17}},{"start":{"line":141,"column":16},"end":{"line":143,"column":17}}],"line":141},"3":{"loc":{"start":{"line":154,"column":8},"end":{"line":158,"column":19}},"type":"binary-expr","locations":[{"start":{"line":154,"column":8},"end":{"line":154,"column":21}},{"start":{"line":156,"column":7},"end":{"line":158,"column":19}}],"line":154},"4":{"loc":{"start":{"line":160,"column":9},"end":{"line":173,"column":14}},"type":"binary-expr","locations":[{"start":{"line":160,"column":9},"end":{"line":160,"column":22}},{"start":{"line":161,"column":8},"end":{"line":173,"column":14}}],"line":160},"5":{"loc":{"start":{"line":174,"column":9},"end":{"line":178,"column":29}},"type":"binary-expr","locations":[{"start":{"line":174,"column":9},"end":{"line":174,"column":22}},{"start":{"line":175,"column":8},"end":{"line":178,"column":29}}],"line":174},"6":{"loc":{"start":{"line":180,"column":11},"end":{"line":218,"column":11}},"type":"cond-expr","locations":[{"start":{"line":181,"column":12},"end":{"line":188,"column":18}},{"start":{"line":190,"column":12},"end":{"line":217,"column":18}}],"line":180},"7":{"loc":{"start":{"line":195,"column":17},"end":{"line":205,"column":17}},"type":"binary-expr","locations":[{"start":{"line":195,"column":17},"end":{"line":195,"column":43}},{"start":{"line":196,"column":18},"end":{"line":204,"column":27}}],"line":195},"8":{"loc":{"start":{"line":214,"column":19},"end":{"line":214,"column":70}},"type":"cond-expr","locations":[{"start":{"line":214,"column":53},"end":{"line":214,"column":61}},{"start":{"line":214,"column":64},"end":{"line":214,"column":70}}],"line":214}},"s":{"0":1,"1":1,"2":3,"3":3,"4":3,"5":3,"6":3,"7":3,"8":3,"9":3,"10":3,"11":9,"12":3,"13":0,"14":0,"15":0,"16":0,"17":0,"18":0,"19":0,"20":3,"21":0,"22":0,"23":3,"24":0,"25":0,"26":0,"27":0,"28":0,"29":0,"30":0,"31":0,"32":3,"33":0,"34":3,"35":3,"36":0,"37":3,"38":9,"39":9,"40":9,"41":0,"42":9,"43":0,"44":0,"45":0,"46":0},"f":{"0":3,"1":3,"2":3,"3":9,"4":0,"5":0,"6":0,"7":0,"8":0,"9":0,"10":0,"11":0,"12":0,"13":9,"14":0,"15":0},"b":{"0":[0,0],"1":[0,0],"2":[0,9],"3":[3,3],"4":[3,0],"5":[3,0],"6":[0,3],"7":[3,0],"8":[0,3]},"_coverageSchema":"1a1c01bbd47fc00a2c39e90264f33305004495a9","hash":"e1175daa8282bd592c88c5ba9e48e215aa8347dc"}
,"/home/saching/Desktop/ClonedBootcamp-GreenCommute/GreenCommute/final/src/components/molecules/stepper/CustomStepper.stories.js": {"path":"/home/saching/Desktop/ClonedBootcamp-GreenCommute/GreenCommute/final/src/components/molecules/stepper/CustomStepper.stories.js","statementMap":{"0":{"start":{"line":8,"column":17},"end":{"line":8,"column":64}},"1":{"start":{"line":8,"column":27},"end":{"line":8,"column":64}},"2":{"start":{"line":10,"column":23},"end":{"line":10,"column":40}},"3":{"start":{"line":11,"column":0},"end":{"line":13,"column":2}}},"fnMap":{"0":{"name":"(anonymous_0)","decl":{"start":{"line":8,"column":17},"end":{"line":8,"column":18}},"loc":{"start":{"line":8,"column":27},"end":{"line":8,"column":64}},"line":8}},"branchMap":{},"s":{"0":0,"1":0,"2":0,"3":0},"f":{"0":0},"b":{}}
,"/home/saching/Desktop/ClonedBootcamp-GreenCommute/GreenCommute/final/src/store/actions.js": {"path":"/home/saching/Desktop/ClonedBootcamp-GreenCommute/GreenCommute/final/src/store/actions.js","statementMap":{"0":{"start":{"line":3,"column":27},"end":{"line":8,"column":1}},"1":{"start":{"line":4,"column":4},"end":{"line":7,"column":5}},"2":{"start":{"line":10,"column":24},"end":{"line":15,"column":1}},"3":{"start":{"line":11,"column":4},"end":{"line":14,"column":5}},"4":{"start":{"line":17,"column":23},"end":{"line":22,"column":1}},"5":{"start":{"line":18,"column":4},"end":{"line":21,"column":5}},"6":{"start":{"line":24,"column":24},"end":{"line":29,"column":1}},"7":{"start":{"line":25,"column":4},"end":{"line":28,"column":5}}},"fnMap":{"0":{"name":"(anonymous_0)","decl":{"start":{"line":3,"column":27},"end":{"line":3,"column":28}},"loc":{"start":{"line":3,"column":36},"end":{"line":8,"column":1}},"line":3},"1":{"name":"(anonymous_1)","decl":{"start":{"line":10,"column":24},"end":{"line":10,"column":25}},"loc":{"start":{"line":10,"column":33},"end":{"line":15,"column":1}},"line":10},"2":{"name":"(anonymous_2)","decl":{"start":{"line":17,"column":23},"end":{"line":17,"column":24}},"loc":{"start":{"line":17,"column":32},"end":{"line":22,"column":1}},"line":17},"3":{"name":"(anonymous_3)","decl":{"start":{"line":24,"column":24},"end":{"line":24,"column":25}},"loc":{"start":{"line":24,"column":34},"end":{"line":29,"column":1}},"line":24}},"branchMap":{},"s":{"0":1,"1":0,"2":1,"3":0,"4":1,"5":0,"6":1,"7":0},"f":{"0":0,"1":0,"2":0,"3":0},"b":{},"_coverageSchema":"1a1c01bbd47fc00a2c39e90264f33305004495a9","hash":"2bf2eeff72aa609f975079876a3078376d4628fa"}
,"/home/saching/Desktop/ClonedBootcamp-GreenCommute/GreenCommute/final/src/store/reducer.js": {"path":"/home/saching/Desktop/ClonedBootcamp-GreenCommute/GreenCommute/final/src/store/reducer.js","statementMap":{"0":{"start":{"line":4,"column":21},"end":{"line":7,"column":1}},"1":{"start":{"line":9,"column":19},"end":{"line":23,"column":1}},"2":{"start":{"line":10,"column":4},"end":{"line":22,"column":5}},"3":{"start":{"line":12,"column":12},"end":{"line":14,"column":13}},"4":{"start":{"line":16,"column":12},"end":{"line":19,"column":13}},"5":{"start":{"line":21,"column":12},"end":{"line":21,"column":25}}},"fnMap":{"0":{"name":"(anonymous_0)","decl":{"start":{"line":9,"column":19},"end":{"line":9,"column":20}},"loc":{"start":{"line":9,"column":53},"end":{"line":23,"column":1}},"line":9}},"branchMap":{"0":{"loc":{"start":{"line":9,"column":20},"end":{"line":9,"column":40}},"type":"default-arg","locations":[{"start":{"line":9,"column":28},"end":{"line":9,"column":40}}],"line":9},"1":{"loc":{"start":{"line":10,"column":4},"end":{"line":22,"column":5}},"type":"switch","locations":[{"start":{"line":11,"column":8},"end":{"line":14,"column":13}},{"start":{"line":15,"column":8},"end":{"line":19,"column":13}},{"start":{"line":20,"column":8},"end":{"line":21,"column":25}}],"line":10}},"s":{"0":0,"1":0,"2":0,"3":0,"4":0,"5":0},"f":{"0":0},"b":{"0":[0],"1":[0,0,0]}}
,"/home/saching/Desktop/ClonedBootcamp-GreenCommute/GreenCommute/final/src/store/reducerForShowJob.js": {"path":"/home/saching/Desktop/ClonedBootcamp-GreenCommute/GreenCommute/final/src/store/reducerForShowJob.js","statementMap":{"0":{"start":{"line":3,"column":21},"end":{"line":6,"column":1}},"1":{"start":{"line":8,"column":30},"end":{"line":18,"column":1}},"2":{"start":{"line":9,"column":4},"end":{"line":17,"column":5}},"3":{"start":{"line":11,"column":12},"end":{"line":14,"column":14}},"4":{"start":{"line":16,"column":12},"end":{"line":16,"column":25}}},"fnMap":{"0":{"name":"(anonymous_0)","decl":{"start":{"line":8,"column":30},"end":{"line":8,"column":31}},"loc":{"start":{"line":8,"column":64},"end":{"line":18,"column":1}},"line":8}},"branchMap":{"0":{"loc":{"start":{"line":8,"column":31},"end":{"line":8,"column":51}},"type":"default-arg","locations":[{"start":{"line":8,"column":39},"end":{"line":8,"column":51}}],"line":8},"1":{"loc":{"start":{"line":9,"column":4},"end":{"line":17,"column":5}},"type":"switch","locations":[{"start":{"line":10,"column":8},"end":{"line":14,"column":14}},{"start":{"line":15,"column":8},"end":{"line":16,"column":25}}],"line":9}},"s":{"0":0,"1":0,"2":0,"3":0,"4":0},"f":{"0":0},"b":{"0":[0],"1":[0,0]}}
,"/home/saching/Desktop/ClonedBootcamp-GreenCommute/GreenCommute/final/src/store/reducerForShowPage.js": {"path":"/home/saching/Desktop/ClonedBootcamp-GreenCommute/GreenCommute/final/src/store/reducerForShowPage.js","statementMap":{"0":{"start":{"line":3,"column":21},"end":{"line":5,"column":1}},"1":{"start":{"line":7,"column":24},"end":{"line":16,"column":1}},"2":{"start":{"line":8,"column":4},"end":{"line":15,"column":5}},"3":{"start":{"line":10,"column":12},"end":{"line":12,"column":14}},"4":{"start":{"line":14,"column":12},"end":{"line":14,"column":25}}},"fnMap":{"0":{"name":"(anonymous_0)","decl":{"start":{"line":7,"column":24},"end":{"line":7,"column":25}},"loc":{"start":{"line":7,"column":58},"end":{"line":16,"column":1}},"line":7}},"branchMap":{"0":{"loc":{"start":{"line":7,"column":25},"end":{"line":7,"column":45}},"type":"default-arg","locations":[{"start":{"line":7,"column":33},"end":{"line":7,"column":45}}],"line":7},"1":{"loc":{"start":{"line":8,"column":4},"end":{"line":15,"column":5}},"type":"switch","locations":[{"start":{"line":9,"column":8},"end":{"line":12,"column":14}},{"start":{"line":13,"column":8},"end":{"line":14,"column":25}}],"line":8}},"s":{"0":0,"1":0,"2":0,"3":0,"4":0},"f":{"0":0},"b":{"0":[0],"1":[0,0]}}
,"/home/saching/Desktop/ClonedBootcamp-GreenCommute/GreenCommute/final/src/store/store.js": {"path":"/home/saching/Desktop/ClonedBootcamp-GreenCommute/GreenCommute/final/src/store/store.js","statementMap":{"0":{"start":{"line":8,"column":20},"end":{"line":8,"column":124}}},"fnMap":{},"branchMap":{},"s":{"0":0},"f":{},"b":{}}
,"/home/saching/Desktop/ClonedBootcamp-GreenCommute/GreenCommute/final/src/store/types.js": {"path":"/home/saching/Desktop/ClonedBootcamp-GreenCommute/GreenCommute/final/src/store/types.js","statementMap":{"0":{"start":{"line":1,"column":23},"end":{"line":1,"column":32}},"1":{"start":{"line":2,"column":23},"end":{"line":2,"column":32}},"2":{"start":{"line":3,"column":23},"end":{"line":3,"column":32}},"3":{"start":{"line":4,"column":24},"end":{"line":4,"column":34}}},"fnMap":{},"branchMap":{},"s":{"0":1,"1":1,"2":1,"3":1},"f":{},"b":{},"_coverageSchema":"1a1c01bbd47fc00a2c39e90264f33305004495a9","hash":"24e31b0f1516dc63543e98d6d6a2c4a6b35faf93"}
,"/home/saching/Desktop/ClonedBootcamp-GreenCommute/GreenCommute/final/src/utils/PageRouting.js": {"path":"/home/saching/Desktop/ClonedBootcamp-GreenCommute/GreenCommute/final/src/utils/PageRouting.js","statementMap":{"0":{"start":{"line":6,"column":20},"end":{"line":16,"column":1}},"1":{"start":{"line":7,"column":2},"end":{"line":15,"column":11}}},"fnMap":{"0":{"name":"(anonymous_0)","decl":{"start":{"line":6,"column":20},"end":{"line":6,"column":21}},"loc":{"start":{"line":7,"column":2},"end":{"line":15,"column":11}},"line":7}},"branchMap":{},"s":{"0":0,"1":0},"f":{"0":0},"b":{}}
}
