TN:
SF:src/App.js
FN:17,(anonymous_0)
FNF:1
FNH:0
FNDA:0,(anonymous_0)
DA:17,0
DA:18,0
LF:2
LH:0
BRF:0
BRH:0
end_of_record
TN:
SF:src/Stuff.js
FN:3,Stuff
FNF:1
FNH:0
FNDA:0,Stuff
DA:5,0
LF:1
LH:0
BRF:0
BRH:0
end_of_record
TN:
SF:src/index.js
FNF:0
FNH:0
DA:6,0
LF:1
LH:0
BRF:0
BRH:0
end_of_record
TN:
SF:src/components/index.js
FNF:0
FNH:0
LF:0
LH:0
BRF:0
BRH:0
end_of_record
TN:
SF:src/components/theme.jsx
FNF:0
FNH:0
DA:3,19
LF:1
LH:1
BRF:0
BRH:0
end_of_record
TN:
SF:src/components/Organism/JobLocation/JobLocation.js
FN:6,(anonymous_0)
FN:33,JobLocation
FNF:2
FNH:0
FNDA:0,(anonymous_0)
FNDA:0,JobLocation
DA:6,0
DA:20,0
DA:34,0
DA:35,0
LF:4
LH:0
BRF:0
BRH:0
end_of_record
TN:
SF:src/components/Organism/JobLocation/JobLocation.stories.js
FN:12,(anonymous_0)
FNF:1
FNH:0
FNDA:0,(anonymous_0)
DA:12,0
DA:14,0
LF:2
LH:0
BRF:0
BRH:0
end_of_record
TN:
SF:src/components/Organism/RenderJobCard/RenderJobCardsForPage2.js
FN:15,RenderJobCardsForPage2
FN:34,(anonymous_1)
FNF:2
FNH:0
FNDA:0,RenderJobCardsForPage2
FNDA:0,(anonymous_1)
DA:19,0
DA:20,0
DA:36,0
LF:3
LH:0
BRF:0
BRH:0
end_of_record
TN:
SF:src/components/Organism/RenderJobCard/RenderJobCardsForPage2.stories.js
FN:8,(anonymous_0)
FNF:1
FNH:0
FNDA:0,(anonymous_0)
DA:8,0
DA:12,0
DA:14,0
LF:3
LH:0
BRF:0
BRH:0
end_of_record
TN:
SF:src/components/Organism/RenderJobCard/RenderJobCardsForPage3.js
FN:17,RenderJobCardsForPage3
FN:24,(anonymous_1)
FNF:2
FNH:0
FNDA:0,RenderJobCardsForPage3
FNDA:0,(anonymous_1)
DA:20,0
DA:21,0
DA:26,0
LF:3
LH:0
BRF:0
BRH:0
end_of_record
TN:
SF:src/components/Organism/RenderJobCard/RenderJobCardsForPage3.stories.js
FN:8,(anonymous_0)
FNF:1
FNH:0
FNDA:0,(anonymous_0)
DA:8,0
DA:12,0
DA:14,0
LF:3
LH:0
BRF:0
BRH:0
end_of_record
TN:
SF:src/components/Organism/RenderJobCard/jobCardDescription.js
FNF:0
FNH:0
DA:1,0
LF:1
LH:0
BRF:0
BRH:0
end_of_record
TN:
SF:src/components/Organism/RenderJobCard/jobCardDetails.js
FNF:0
FNH:0
DA:1,1
LF:1
LH:1
BRF:0
BRH:0
end_of_record
TN:
SF:src/components/Organism/RightGrid/Right.js
FN:16,(anonymous_0)
FN:18,(anonymous_1)
FNF:2
FNH:0
FNDA:0,(anonymous_0)
FNDA:0,(anonymous_1)
DA:16,0
DA:18,0
DA:81,0
DA:83,0
LF:4
LH:0
BRF:0
BRH:0
end_of_record
TN:
SF:src/components/Organism/RightGrid/Right.stories.js
FN:9,(anonymous_0)
FNF:1
FNH:0
FNDA:0,(anonymous_0)
DA:9,0
DA:11,0
DA:14,0
LF:3
LH:0
BRF:0
BRH:0
end_of_record
TN:
SF:src/components/Organism/RightMapGrid/RightMap.js
FN:19,(anonymous_0)
FN:21,(anonymous_1)
FNF:2
FNH:0
FNDA:0,(anonymous_0)
FNDA:0,(anonymous_1)
DA:19,0
DA:21,0
DA:87,0
DA:89,0
LF:4
LH:0
BRF:0
BRH:0
end_of_record
TN:
SF:src/components/Organism/RightMapGrid/RightMap.stories.js
FN:9,(anonymous_0)
FNF:1
FNH:0
FNDA:0,(anonymous_0)
DA:9,0
DA:11,0
DA:14,0
LF:3
LH:0
BRF:0
BRH:0
end_of_record
TN:
SF:src/components/Organism/SideNavBar/SideNavBar.js
FN:28,Boom
FN:32,(anonymous_1)
FN:45,SideNavBar
FN:50,(anonymous_3)
FN:91,(anonymous_4)
FN:199,(anonymous_5)
FN:204,(anonymous_6)
FN:218,(anonymous_7)
FNF:8
FNH:0
FNDA:0,Boom
FNDA:0,(anonymous_1)
FNDA:0,SideNavBar
FNDA:0,(anonymous_3)
FNDA:0,(anonymous_4)
FNDA:0,(anonymous_5)
FNDA:0,(anonymous_6)
FNDA:0,(anonymous_7)
DA:29,0
DA:30,0
DA:31,0
DA:33,0
DA:47,0
DA:50,0
DA:51,0
DA:55,0
DA:91,0
DA:185,0
DA:187,0
DA:200,0
DA:201,0
DA:202,0
DA:204,0
DA:216,0
DA:218,0
LF:17
LH:0
BRDA:201,0,0,0
BRDA:201,0,1,0
BRDA:204,1,0,0
BRDA:204,1,1,0
BRDA:208,2,0,0
BRDA:208,2,1,0
BRDA:210,3,0,0
BRDA:210,3,1,0
BRDA:218,4,0,0
BRDA:218,4,1,0
BRDA:222,5,0,0
BRDA:222,5,1,0
BRDA:224,6,0,0
BRDA:224,6,1,0
BRF:14
BRH:0
end_of_record
TN:
SF:src/components/Organism/SideNavBar/SideNavBar.stories.js
FN:8,(anonymous_0)
FNF:1
FNH:0
FNDA:0,(anonymous_0)
DA:8,0
DA:12,0
DA:14,0
LF:3
LH:0
BRF:0
BRH:0
end_of_record
TN:
SF:src/components/Organism/TopNavigation/TopNavigation.js
FN:6,(anonymous_0)
FN:8,(anonymous_1)
FNF:2
FNH:0
FNDA:0,(anonymous_0)
FNDA:0,(anonymous_1)
DA:6,0
DA:8,0
DA:11,0
DA:13,0
LF:4
LH:0
BRF:0
BRH:0
end_of_record
TN:
SF:src/components/Organism/TopNavigation/TopNavigation.stories.js
FN:10,(anonymous_0)
FNF:1
FNH:0
FNDA:0,(anonymous_0)
DA:10,0
DA:12,0
DA:15,0
LF:3
LH:0
BRF:0
BRH:0
end_of_record
TN:
SF:src/components/Pages/JobList/JobList.js
FN:17,JobList
FN:18,(anonymous_1)
FN:49,(anonymous_2)
FNF:3
FNH:0
FNDA:0,JobList
FNDA:0,(anonymous_1)
FNDA:0,(anonymous_2)
DA:18,0
DA:19,0
DA:20,0
DA:50,0
LF:4
LH:0
BRF:0
BRH:0
end_of_record
TN:
SF:src/components/Pages/SearchJobPage/SearchJobPage.js
FN:15,SearchJobPage
FN:16,(anonymous_1)
FN:45,(anonymous_2)
FNF:3
FNH:0
FNDA:0,SearchJobPage
FNDA:0,(anonymous_1)
FNDA:0,(anonymous_2)
DA:16,0
DA:17,0
DA:18,0
DA:46,0
LF:4
LH:0
BRF:0
BRH:0
end_of_record
TN:
SF:src/components/atoms/Checkbox/Checkbox.js
FNF:0
FNH:0
DA:7,2
LF:1
LH:1
BRF:0
BRH:0
end_of_record
TN:
SF:src/components/atoms/Checkbox/Checkbox.stories.js
FN:12,(anonymous_0)
FNF:1
FNH:0
FNDA:0,(anonymous_0)
DA:12,0
DA:14,0
LF:2
LH:0
BRF:0
BRH:0
end_of_record
TN:
SF:src/components/atoms/MyImage/MyImage.js
FN:4,(anonymous_0)
FNF:1
FNH:1
FNDA:6,(anonymous_0)
DA:4,8
DA:5,6
LF:2
LH:2
BRF:0
BRH:0
end_of_record
TN:
SF:src/components/atoms/MyImage/MyImage.stories.js
FN:9,(anonymous_0)
FNF:1
FNH:0
FNDA:0,(anonymous_0)
DA:9,0
DA:11,0
DA:13,0
DA:20,0
DA:22,0
DA:30,0
DA:32,0
DA:39,0
DA:41,0
LF:9
LH:0
BRF:0
BRH:0
end_of_record
TN:
SF:src/components/atoms/MyTypography/MyTypography.js
FN:6,(anonymous_0)
FN:17,(anonymous_1)
FNF:2
FNH:2
FNDA:2,(anonymous_0)
FNDA:2,(anonymous_1)
DA:6,12
DA:17,12
DA:18,2
DA:19,2
LF:4
LH:4
BRF:0
BRH:0
end_of_record
TN:
SF:src/components/atoms/MyTypography/MyTypography.stories.js
FN:9,(anonymous_0)
FNF:1
FNH:0
FNDA:0,(anonymous_0)
DA:9,0
DA:11,0
DA:13,0
DA:97,0
DA:99,0
LF:5
LH:0
BRF:0
BRH:0
end_of_record
TN:
SF:src/components/atoms/TextField/CustomTextFieldForJobLocation.js
FN:26,CustomTextFieldForJobLocation
FNF:1
FNH:1
FNDA:1,CustomTextFieldForJobLocation
DA:7,1
DA:27,1
DA:28,1
LF:3
LH:3
BRF:0
BRH:0
end_of_record
TN:
SF:src/components/atoms/TextField/CustomTextFieldForJobLocationForJobListPage.js
FN:26,CustomTextFieldForJobLocationForJobListPage
FNF:1
FNH:0
FNDA:0,CustomTextFieldForJobLocationForJobListPage
DA:7,0
DA:27,0
DA:28,0
LF:3
LH:0
BRF:0
BRH:0
end_of_record
TN:
SF:src/components/atoms/TextField/CustomTextFieldForJobSearch.js
FN:26,CustomTextFieldForJobSearch
FNF:1
FNH:1
FNDA:1,CustomTextFieldForJobSearch
DA:7,1
DA:27,1
DA:29,1
LF:3
LH:3
BRF:0
BRH:0
end_of_record
TN:
SF:src/components/atoms/TextField/CustomTextFieldForJobSearchForJobListPage.js
FN:26,CustomTextFieldForJobSearchForJobListPage
FNF:1
FNH:0
FNDA:0,CustomTextFieldForJobSearchForJobListPage
DA:7,0
DA:27,0
DA:29,0
LF:3
LH:0
BRF:0
BRH:0
end_of_record
TN:
SF:src/components/atoms/button/CustomButton.js
FN:7,(anonymous_0)
FNF:1
FNH:1
FNDA:2,(anonymous_0)
DA:7,3
DA:8,2
DA:9,2
DA:19,3
LF:4
LH:4
BRF:0
BRH:0
end_of_record
TN:
SF:src/components/atoms/button/CustomButton.stories.js
FN:12,(anonymous_0)
FNF:1
FNH:0
FNDA:0,(anonymous_0)
DA:12,0
DA:14,0
DA:15,0
LF:3
LH:0
BRF:0
BRH:0
end_of_record
TN:
SF:src/components/atoms/icons/CustomisedIcon.jsx
FN:5,(anonymous_0)
FN:13,CustomisedIcon
FNF:2
FNH:0
FNDA:0,(anonymous_0)
FNDA:0,CustomisedIcon
DA:5,2
DA:15,0
LF:2
LH:1
BRF:0
BRH:0
end_of_record
TN:
SF:src/components/atoms/icons/IconInStorybook.js
FN:6,IconInStorybook
FN:7,(anonymous_1)
FNF:2
FNH:0
FNDA:0,IconInStorybook
FNDA:0,(anonymous_1)
DA:7,0
DA:18,0
DA:19,0
LF:3
LH:0
BRF:0
BRH:0
end_of_record
TN:
SF:src/components/atoms/icons/IconInStorybook.stories.js
FN:9,(anonymous_0)
FNF:1
FNH:0
FNDA:0,(anonymous_0)
DA:9,0
DA:14,0
DA:16,0
LF:3
LH:0
BRF:0
BRH:0
end_of_record
TN:
SF:src/components/atoms/stepperTab/CustomStepperTab.js
FN:27,(anonymous_0)
FN:44,HorizontalLinearStepper
FN:49,(anonymous_2)
FN:53,(anonymous_3)
FN:57,(anonymous_4)
FN:64,(anonymous_5)
FN:68,(anonymous_6)
FN:69,(anonymous_7)
FN:72,(anonymous_8)
FN:79,(anonymous_9)
FN:80,(anonymous_10)
FN:87,(anonymous_11)
FN:95,(anonymous_12)
FNF:13
FNH:0
FNDA:0,(anonymous_0)
FNDA:0,HorizontalLinearStepper
FNDA:0,(anonymous_2)
FNDA:0,(anonymous_3)
FNDA:0,(anonymous_4)
FNDA:0,(anonymous_5)
FNDA:0,(anonymous_6)
FNDA:0,(anonymous_7)
FNDA:0,(anonymous_8)
FNDA:0,(anonymous_9)
FNDA:0,(anonymous_10)
FNDA:0,(anonymous_11)
FNDA:0,(anonymous_12)
DA:9,0
DA:27,0
DA:45,0
DA:46,0
DA:47,0
DA:49,0
DA:50,0
DA:53,0
DA:54,0
DA:57,0
DA:58,0
DA:59,0
DA:60,0
DA:61,0
DA:64,0
DA:65,0
DA:68,0
DA:69,0
DA:72,0
DA:73,0
DA:76,0
DA:79,0
DA:80,0
DA:81,0
DA:82,0
DA:83,0
DA:87,0
DA:88,0
DA:91,0
DA:96,0
DA:97,0
DA:99,0
DA:100,0
DA:102,0
LF:34
LH:0
BRDA:59,0,0,0
BRDA:59,0,1,0
BRDA:73,1,0,0
BRDA:73,1,1,0
BRDA:99,2,0,0
BRDA:99,2,1,0
BRF:6
BRH:0
end_of_record
TN:
SF:src/components/atoms/stepperTab/CustomStepperTab.stories.js
FN:8,(anonymous_0)
FNF:1
FNH:0
FNDA:0,(anonymous_0)
DA:8,0
DA:10,0
DA:11,0
LF:3
LH:0
BRF:0
BRH:0
end_of_record
TN:
SF:src/components/molecules/CustomTextField/CustomTextField.js
FN:7,(anonymous_0)
FNF:1
FNH:1
FNDA:1,(anonymous_0)
DA:7,1
DA:9,1
LF:2
LH:2
BRF:0
BRH:0
end_of_record
TN:
SF:src/components/molecules/CustomTextField/CustomTextField.stories.js
FN:9,(anonymous_0)
FNF:1
FNH:0
FNDA:0,(anonymous_0)
DA:9,0
DA:10,0
DA:12,0
LF:3
LH:0
BRF:0
BRH:0
end_of_record
TN:
SF:src/components/molecules/DescriptionCard/DescriptionCard.js
FN:9,(anonymous_0)
FN:20,(anonymous_1)
FNF:2
FNH:2
FNDA:1,(anonymous_0)
FNDA:1,(anonymous_1)
DA:9,1
DA:20,1
DA:21,1
DA:23,1
LF:4
LH:4
BRF:0
BRH:0
end_of_record
TN:
SF:src/components/molecules/DescriptionCard/DescriptionCard.stories.js
FN:9,(anonymous_0)
FNF:1
FNH:0
FNDA:0,(anonymous_0)
DA:9,0
DA:11,0
DA:14,0
DA:20,0
DA:23,0
LF:5
LH:0
BRF:0
BRH:0
end_of_record
TN:
SF:src/components/molecules/DescriptionList/DescriptionList.js
FN:7,(anonymous_0)
FN:8,(anonymous_1)
FN:33,(anonymous_2)
FNF:3
FNH:3
FNDA:1,(anonymous_0)
FNDA:1,(anonymous_1)
FNDA:2,(anonymous_2)
DA:7,1
DA:8,1
DA:25,1
DA:26,1
DA:27,1
DA:28,1
DA:34,2
LF:7
LH:7
BRF:0
BRH:0
end_of_record
TN:
SF:src/components/molecules/DescriptionList/DescriptionList.stories.js
FN:9,(anonymous_0)
FNF:1
FNH:0
FNDA:0,(anonymous_0)
DA:9,0
DA:11,0
DA:14,0
LF:3
LH:0
BRF:0
BRH:0
end_of_record
TN:
SF:src/components/molecules/FilterBox/FilterBox.js
FN:89,(anonymous_0)
FN:102,(anonymous_1)
FN:288,(anonymous_2)
FN:295,(anonymous_3)
FN:315,(anonymous_4)
FN:322,FilterBox
FN:326,(anonymous_6)
FN:329,(anonymous_7)
FN:335,(anonymous_8)
FN:344,(anonymous_9)
FN:352,(anonymous_10)
FN:357,(anonymous_11)
FN:365,(anonymous_12)
FN:365,(anonymous_13)
FNF:14
FNH:3
FNDA:0,(anonymous_0)
FNDA:1,(anonymous_1)
FNDA:0,(anonymous_2)
FNDA:0,(anonymous_3)
FNDA:0,(anonymous_4)
FNDA:2,FilterBox
FNDA:0,(anonymous_6)
FNDA:0,(anonymous_7)
FNDA:0,(anonymous_8)
FNDA:0,(anonymous_9)
FNDA:1,(anonymous_10)
FNDA:0,(anonymous_11)
FNDA:0,(anonymous_12)
FNDA:0,(anonymous_13)
DA:89,1
DA:102,1
DA:151,1
DA:279,1
DA:288,0
DA:295,1
DA:296,0
DA:297,0
DA:298,0
DA:315,1
DA:323,2
DA:324,1
DA:326,1
DA:327,0
DA:329,1
DA:330,0
DA:334,1
DA:335,1
DA:336,0
DA:337,0
DA:338,0
DA:339,0
DA:340,0
DA:344,0
DA:345,0
DA:346,0
DA:352,1
DA:357,1
DA:358,0
DA:360,1
DA:365,1
DA:366,0
DA:369,1
LF:33
LH:17
BRDA:301,0,0,0
BRDA:301,0,1,0
BRDA:337,1,0,0
BRDA:337,1,1,0
BRF:4
BRH:0
end_of_record
TN:
SF:src/components/molecules/FilterBox/FilterBox.stories.js
FN:10,(anonymous_0)
FNF:1
FNH:0
FNDA:0,(anonymous_0)
DA:10,0
DA:12,0
DA:15,0
LF:3
LH:0
BRF:0
BRH:0
end_of_record
TN:
SF:src/components/molecules/FilterOptions/FilterOptions.js
FN:16,FilterOptions
FN:17,(anonymous_1)
FN:90,(anonymous_2)
FN:97,(anonymous_3)
FN:111,(anonymous_4)
FN:114,(anonymous_5)
FN:121,(anonymous_6)
FN:133,(anonymous_7)
FN:143,(anonymous_8)
FNF:9
FNH:4
FNDA:2,FilterOptions
FNDA:2,(anonymous_1)
FNDA:0,(anonymous_2)
FNDA:0,(anonymous_3)
FNDA:0,(anonymous_4)
FNDA:0,(anonymous_5)
FNDA:2,(anonymous_6)
FNDA:1,(anonymous_7)
FNDA:0,(anonymous_8)
DA:17,2
DA:89,2
DA:90,2
DA:93,0
DA:96,2
DA:97,2
DA:105,0
DA:106,0
DA:107,0
DA:111,2
DA:112,0
DA:114,0
DA:116,0
DA:117,0
DA:118,0
DA:121,2
DA:122,2
DA:125,2
DA:126,2
DA:127,2
DA:135,1
DA:143,0
LF:22
LH:12
BRDA:156,0,0,2
BRDA:156,0,1,1
BRF:2
BRH:2
end_of_record
TN:
SF:src/components/molecules/JobCard/JobCard.js
FN:115,JobCard
FN:134,(anonymous_1)
FN:172,(anonymous_2)
FNF:3
FNH:1
FNDA:2,JobCard
FNDA:0,(anonymous_1)
FNDA:0,(anonymous_2)
DA:24,1
DA:122,2
DA:123,2
DA:124,2
DA:125,2
DA:126,2
DA:127,2
DA:128,2
DA:131,0
DA:134,0
DA:173,0
LF:11
LH:8
BRDA:172,0,0,0
BRDA:172,0,1,0
BRF:2
BRH:0
end_of_record
TN:
SF:src/components/molecules/JobCard/JobCard.stories.js
FN:15,(anonymous_0)
FNF:1
FNH:0
FNDA:0,(anonymous_0)
DA:15,0
DA:17,0
DA:20,0
LF:3
LH:0
BRF:0
BRH:0
end_of_record
TN:
SF:src/components/molecules/JobCardInfo/JobCardInfo.js
FN:9,(anonymous_0)
FN:11,(anonymous_1)
FNF:2
FNH:2
FNDA:1,(anonymous_0)
FNDA:1,(anonymous_1)
DA:9,1
DA:11,1
DA:43,1
DA:45,1
LF:4
LH:4
BRF:0
BRH:0
end_of_record
TN:
SF:src/components/molecules/JobCardInfo/JobCardInfo.stories.js
FN:9,(anonymous_0)
FNF:1
FNH:0
FNDA:0,(anonymous_0)
DA:9,0
DA:11,0
DA:14,0
LF:3
LH:0
BRF:0
BRH:0
end_of_record
TN:
SF:src/components/molecules/JobCardsmall/JobCardSmall.js
FN:112,JobCard
FN:156,(anonymous_1)
FNF:2
FNH:0
FNDA:0,JobCard
FNDA:0,(anonymous_1)
DA:20,0
DA:118,0
DA:119,0
DA:120,0
DA:157,0
LF:5
LH:0
BRDA:156,0,0,0
BRDA:156,0,1,0
BRF:2
BRH:0
end_of_record
TN:
SF:src/components/molecules/JobCardsmall/JobCardSmall.stories.js
FN:15,(anonymous_0)
FNF:1
FNH:0
FNDA:0,(anonymous_0)
DA:15,0
DA:17,0
DA:20,0
LF:3
LH:0
BRF:0
BRH:0
end_of_record
TN:
SF:src/components/molecules/LocationListItem/LocationListItem.js
FN:17,(anonymous_0)
FN:35,LocationListItem
FNF:2
FNH:2
FNDA:1,(anonymous_0)
FNDA:1,LocationListItem
DA:17,2
DA:38,1
DA:40,1
LF:3
LH:3
BRF:0
BRH:0
end_of_record
TN:
SF:src/components/molecules/LocationListItem/LocationListItem.stories.js
FN:9,(anonymous_0)
FNF:1
FNH:0
FNDA:0,(anonymous_0)
DA:9,0
DA:11,0
DA:14,0
LF:3
LH:0
BRF:0
BRH:0
end_of_record
TN:
SF:src/components/molecules/MapCardInfo/MapCardInfo.js
FN:16,(anonymous_0)
FN:112,JobCardInfo
FNF:2
FNH:2
FNDA:1,(anonymous_0)
FNDA:1,JobCardInfo
DA:16,1
DA:116,1
DA:118,1
LF:3
LH:3
BRF:0
BRH:0
end_of_record
TN:
SF:src/components/molecules/MapCardInfo/MapCardInfo.stories.js
FN:9,(anonymous_0)
FNF:1
FNH:0
FNDA:0,(anonymous_0)
DA:9,0
DA:11,0
DA:14,0
LF:3
LH:0
BRF:0
BRH:0
end_of_record
TN:
SF:src/components/molecules/MyListItem/MyListItem.js
FN:11,(anonymous_0)
FN:38,MyListItem
FNF:2
FNH:2
FNDA:1,(anonymous_0)
FNDA:1,MyListItem
DA:11,1
DA:39,1
DA:40,1
LF:3
LH:3
BRF:0
BRH:0
end_of_record
TN:
SF:src/components/molecules/MyListItem/MyListItem.stories.js
FN:11,(anonymous_0)
FNF:1
FNH:0
FNDA:0,(anonymous_0)
DA:11,0
DA:13,0
LF:2
LH:0
BRF:0
BRH:0
end_of_record
TN:
SF:src/components/molecules/ProfileItem/ProfileItem.js
FN:20,ProfileItem
FN:22,(anonymous_1)
FN:56,(anonymous_2)
FN:60,(anonymous_3)
FNF:4
FNH:2
FNDA:1,ProfileItem
FNDA:1,(anonymous_1)
FNDA:0,(anonymous_2)
FNDA:0,(anonymous_3)
DA:22,1
DA:51,1
DA:53,1
DA:54,1
DA:56,1
DA:57,0
DA:60,1
DA:61,0
DA:66,1
LF:9
LH:7
BRF:0
BRH:0
end_of_record
TN:
SF:src/components/molecules/ProfileItem/ProfileItem.stories.js
FN:10,(anonymous_0)
FNF:1
FNH:0
FNDA:0,(anonymous_0)
DA:10,0
DA:12,0
DA:15,0
LF:3
LH:0
BRF:0
BRH:0
end_of_record
TN:
SF:src/components/molecules/TextField/TextField.js
FN:209,CustomizedHook
FN:212,(anonymous_1)
FN:271,(anonymous_2)
FN:290,(anonymous_3)
FN:299,(anonymous_4)
FNF:5
FNH:1
FNDA:6,CustomizedHook
FNDA:0,(anonymous_1)
FNDA:0,(anonymous_2)
FNDA:0,(anonymous_3)
FNDA:0,(anonymous_4)
DA:15,1
DA:21,1
DA:110,1
DA:162,1
DA:210,6
DA:212,6
DA:213,0
DA:254,6
DA:266,6
DA:271,0
DA:273,6
DA:274,6
DA:275,6
DA:291,0
DA:300,0
DA:329,1
LF:16
LH:12
BRDA:286,0,0,0
BRDA:286,0,1,6
BRDA:297,1,0,0
BRDA:297,1,1,6
BRDA:297,2,0,6
BRDA:297,2,1,6
BRF:6
BRH:4
end_of_record
TN:
SF:src/components/molecules/TravelInfoCard/TravelInfoCard.js
FN:21,TabPanel
FN:49,allyProps
FN:57,(anonymous_2)
FN:165,JobCardInfo
FN:172,(anonymous_4)
FNF:5
FNH:4
FNDA:5,TabPanel
FNDA:4,allyProps
FNDA:1,(anonymous_2)
FNDA:1,JobCardInfo
FNDA:0,(anonymous_4)
DA:22,5
DA:24,4
DA:43,1
DA:50,4
DA:57,1
DA:169,1
DA:170,1
DA:172,1
DA:173,0
DA:176,1
LF:10
LH:9
BRDA:33,0,0,4
BRDA:33,0,1,1
BRF:2
BRH:2
end_of_record
TN:
SF:src/components/molecules/TravelInfoCard/TravelInfoCard.stories.js
FN:9,(anonymous_0)
FNF:1
FNH:0
FNDA:0,(anonymous_0)
DA:9,0
DA:11,0
DA:14,0
LF:3
LH:0
BRF:0
BRH:0
end_of_record
TN:
SF:src/components/molecules/TravelOptionCard/TravelOptionCard.js
FN:10,(anonymous_0)
FN:75,JobCardInfo
FNF:2
FNH:2
FNDA:1,(anonymous_0)
FNDA:1,JobCardInfo
DA:10,2
DA:78,1
DA:80,1
LF:3
LH:3
BRF:0
BRH:0
end_of_record
TN:
SF:src/components/molecules/TravelOptionCard/TravelOptionCard.stories.js
FN:9,(anonymous_0)
FNF:1
FNH:0
FNDA:0,(anonymous_0)
DA:9,1
DA:11,1
DA:13,1
DA:19,1
DA:21,1
LF:5
LH:5
BRF:0
BRH:0
end_of_record
TN:
SF:src/components/molecules/aqi/aqi.js
FN:7,AQI
FNF:1
FNH:1
FNDA:4,AQI
DA:8,4
LF:1
LH:1
BRDA:18,0,0,4
BRDA:18,0,1,1
BRDA:18,0,2,1
BRDA:44,1,0,4
BRDA:44,1,1,3
BRF:5
BRH:5
end_of_record
TN:
SF:src/components/molecules/aqi/aqi.stories.js
FN:11,(anonymous_0)
FNF:1
FNH:0
FNDA:0,(anonymous_0)
DA:11,0
DA:13,0
DA:14,0
DA:25,0
DA:26,0
DA:40,0
DA:41,0
LF:7
LH:0
BRF:0
BRH:0
end_of_record
TN:
SF:src/components/molecules/searchTab/jobSearch.js
FN:23,(anonymous_0)
FN:65,JobSearch
FN:72,(anonymous_2)
FN:77,(anonymous_3)
FN:111,(anonymous_4)
FNF:5
FNH:2
FNDA:1,(anonymous_0)
FNDA:1,JobSearch
FNDA:0,(anonymous_2)
FNDA:0,(anonymous_3)
FNDA:0,(anonymous_4)
DA:12,1
DA:23,1
DA:67,1
DA:68,1
DA:70,1
DA:72,1
DA:74,0
DA:77,1
DA:80,0
DA:81,0
DA:88,1
DA:90,1
DA:111,0
LF:13
LH:9
BRDA:80,0,0,0
BRDA:80,0,1,0
BRF:2
BRH:0
end_of_record
TN:
SF:src/components/molecules/searchTab/jobSearch.stories.js
FN:10,(anonymous_0)
FNF:1
FNH:0
FNDA:0,(anonymous_0)
DA:10,0
DA:12,0
DA:15,0
LF:3
LH:0
BRF:0
BRH:0
end_of_record
TN:
SF:src/components/molecules/searchTab/jobSearchForJobList.js
FN:25,(anonymous_0)
FN:67,JobSearchForJobList
FN:74,(anonymous_2)
FN:79,(anonymous_3)
FN:107,(anonymous_4)
FNF:5
FNH:0
FNDA:0,(anonymous_0)
FNDA:0,JobSearchForJobList
FNDA:0,(anonymous_2)
FNDA:0,(anonymous_3)
FNDA:0,(anonymous_4)
DA:14,0
DA:25,0
DA:69,0
DA:70,0
DA:72,0
DA:74,0
DA:76,0
DA:79,0
DA:82,0
DA:83,0
DA:90,0
DA:92,0
DA:107,0
LF:13
LH:0
BRDA:82,0,0,0
BRDA:82,0,1,0
BRF:2
BRH:0
end_of_record
TN:
SF:src/components/molecules/select/select.js
FN:210,CustomizedHook
FN:213,(anonymous_1)
FN:272,(anonymous_2)
FN:292,(anonymous_3)
FN:301,(anonymous_4)
FNF:5
FNH:1
FNDA:2,CustomizedHook
FNDA:0,(anonymous_1)
FNDA:0,(anonymous_2)
FNDA:0,(anonymous_3)
FNDA:0,(anonymous_4)
DA:16,2
DA:22,2
DA:111,2
DA:163,2
DA:211,2
DA:213,2
DA:214,0
DA:255,2
DA:267,2
DA:272,0
DA:274,2
DA:275,2
DA:276,2
DA:293,0
DA:302,0
DA:331,2
LF:16
LH:12
BRDA:288,0,0,0
BRDA:288,0,1,2
BRDA:299,1,0,0
BRDA:299,1,1,2
BRDA:299,2,0,2
BRDA:299,2,1,2
BRF:6
BRH:4
end_of_record
TN:
SF:src/components/molecules/select/select.stories.js
FN:9,(anonymous_0)
FNF:1
FNH:0
FNDA:0,(anonymous_0)
DA:9,0
DA:10,0
LF:2
LH:0
BRF:0
BRH:0
end_of_record
TN:
SF:src/components/molecules/select field/select.js
FN:210,CustomizedHook
FN:213,(anonymous_1)
FN:272,(anonymous_2)
FN:293,(anonymous_3)
FN:302,(anonymous_4)
FNF:5
FNH:1
FNDA:2,CustomizedHook
FNDA:0,(anonymous_1)
FNDA:0,(anonymous_2)
FNDA:0,(anonymous_3)
FNDA:0,(anonymous_4)
DA:16,2
DA:22,2
DA:111,2
DA:163,2
DA:211,2
DA:213,2
DA:214,0
DA:255,2
DA:267,2
DA:272,0
DA:274,2
DA:275,2
DA:276,2
DA:294,0
DA:303,0
DA:332,2
LF:16
LH:12
BRDA:289,0,0,0
BRDA:289,0,1,2
BRDA:300,1,0,0
BRDA:300,1,1,2
BRDA:300,2,0,2
BRDA:300,2,1,2
BRF:6
BRH:4
end_of_record
TN:
SF:src/components/molecules/select field/select.stories.js
FN:9,(anonymous_0)
FNF:1
FNH:0
FNDA:0,(anonymous_0)
DA:9,0
DA:10,0
LF:2
LH:0
BRF:0
BRH:0
end_of_record
TN:
SF:src/components/molecules/stepper/CustomStepper.js
FN:35,(anonymous_0)
FN:79,HorizontalLinearStepper
FN:87,(anonymous_2)
FN:91,(anonymous_3)
FN:95,(anonymous_4)
FN:102,(anonymous_5)
FN:106,(anonymous_6)
FN:107,(anonymous_7)
FN:110,(anonymous_8)
FN:117,(anonymous_9)
FN:118,(anonymous_10)
FN:125,(anonymous_11)
FN:129,(anonymous_12)
FN:137,(anonymous_13)
FN:165,(anonymous_14)
FN:176,(anonymous_15)
FNF:16
FNH:5
FNDA:3,(anonymous_0)
FNDA:3,HorizontalLinearStepper
FNDA:3,(anonymous_2)
FNDA:9,(anonymous_3)
FNDA:0,(anonymous_4)
FNDA:0,(anonymous_5)
FNDA:0,(anonymous_6)
FNDA:0,(anonymous_7)
FNDA:0,(anonymous_8)
FNDA:0,(anonymous_9)
FNDA:0,(anonymous_10)
FNDA:0,(anonymous_11)
FNDA:0,(anonymous_12)
FNDA:9,(anonymous_13)
FNDA:0,(anonymous_14)
FNDA:0,(anonymous_15)
DA:17,1
DA:35,3
DA:80,3
DA:81,3
DA:82,3
DA:83,3
DA:85,3
DA:87,3
DA:88,3
DA:91,3
DA:92,9
DA:95,3
DA:96,0
DA:97,0
DA:98,0
DA:99,0
DA:102,0
DA:103,0
DA:106,3
DA:107,0
DA:110,3
DA:111,0
DA:114,0
DA:117,0
DA:118,0
DA:119,0
DA:120,0
DA:121,0
DA:125,3
DA:126,0
DA:128,3
DA:129,3
DA:131,0
DA:133,3
DA:138,9
DA:139,9
DA:141,9
DA:142,0
DA:144,9
DA:166,0
DA:167,0
DA:177,0
DA:178,0
LF:43
LH:22
BRDA:97,0,0,0
BRDA:97,0,1,0
BRDA:111,1,0,0
BRDA:111,1,1,0
BRDA:141,2,0,0
BRDA:141,2,1,9
BRDA:154,3,0,3
BRDA:154,3,1,3
BRDA:160,4,0,3
BRDA:160,4,1,0
BRDA:174,5,0,3
BRDA:174,5,1,0
BRDA:180,6,0,0
BRDA:180,6,1,3
BRDA:195,7,0,3
BRDA:195,7,1,0
BRDA:214,8,0,0
BRDA:214,8,1,3
BRF:18
BRH:8
end_of_record
TN:
SF:src/components/molecules/stepper/CustomStepper.stories.js
FN:8,(anonymous_0)
FNF:1
FNH:0
FNDA:0,(anonymous_0)
DA:8,0
DA:10,0
DA:11,0
LF:3
LH:0
BRF:0
BRH:0
end_of_record
TN:
SF:src/store/actions.js
FN:3,(anonymous_0)
FN:10,(anonymous_1)
FN:17,(anonymous_2)
FN:24,(anonymous_3)
FNF:4
FNH:0
FNDA:0,(anonymous_0)
FNDA:0,(anonymous_1)
FNDA:0,(anonymous_2)
FNDA:0,(anonymous_3)
DA:3,1
DA:4,0
DA:10,1
DA:11,0
DA:17,1
DA:18,0
DA:24,1
DA:25,0
LF:8
LH:4
BRF:0
BRH:0
end_of_record
TN:
SF:src/store/reducer.js
FN:9,(anonymous_0)
FNF:1
FNH:0
FNDA:0,(anonymous_0)
DA:4,0
DA:9,0
DA:10,0
DA:12,0
DA:16,0
DA:21,0
LF:6
LH:0
BRDA:9,0,0,0
BRDA:10,1,0,0
BRDA:10,1,1,0
BRDA:10,1,2,0
BRF:4
BRH:0
end_of_record
TN:
SF:src/store/reducerForShowJob.js
FN:8,(anonymous_0)
FNF:1
FNH:0
FNDA:0,(anonymous_0)
DA:3,0
DA:8,0
DA:9,0
DA:11,0
DA:16,0
LF:5
LH:0
BRDA:8,0,0,0
BRDA:9,1,0,0
BRDA:9,1,1,0
BRF:3
BRH:0
end_of_record
TN:
SF:src/store/reducerForShowPage.js
FN:7,(anonymous_0)
FNF:1
FNH:0
FNDA:0,(anonymous_0)
DA:3,0
DA:7,0
DA:8,0
DA:10,0
DA:14,0
LF:5
LH:0
BRDA:7,0,0,0
BRDA:8,1,0,0
BRDA:8,1,1,0
BRF:3
BRH:0
end_of_record
TN:
SF:src/store/store.js
FNF:0
FNH:0
DA:8,0
LF:1
LH:0
BRF:0
BRH:0
end_of_record
TN:
SF:src/store/types.js
FNF:0
FNH:0
DA:1,1
DA:2,1
DA:3,1
DA:4,1
LF:4
LH:4
BRF:0
BRH:0
end_of_record
TN:
SF:src/utils/PageRouting.js
FN:6,(anonymous_0)
FNF:1
FNH:0
FNDA:0,(anonymous_0)
DA:6,0
DA:7,0
LF:2
LH:0
BRF:0
BRH:0
end_of_record
